<?xml version="1.0" encoding="UTF-8"?>
<testsuite xmlns:xsi="http://www.w3.org/2001/XMLSchema-instance" xsi:noNamespaceSchemaLocation="https://maven.apache.org/surefire/maven-surefire-plugin/xsd/surefire-test-report-3.0.xsd" version="3.0" name="TestSuite" time="122.385" tests="1" errors="0" skipped="0" failures="0">
  <properties>
[...]
</properties>
  <testcase name="runScenario[&quot;Verify case creation&quot;, &quot;Optional[New Business Life Case creation]&quot;](1)" classname="RunCukesTest" time="119.927">
    <system-out><![CDATA[22:28:01.264 [main] INFO  com.pega.config.SUTConfig - Setting is.pipeline.run property to false
22:28:01.288 [main] INFO  com.pega.config.SUTConfig - Debug mode is: false
22:28:01.289 [main] INFO  com.pega.config.SUTConfig - Attach PRPC logs?false
22:28:01.289 [main] INFO  com.pega.TestEnvironmentImpl - Logger level is set to : INFO
22:28:04.176 [main] INFO  com.pega.drivers.PegaChromeDriver - Chrome Driver launched successfully
22:28:04.330 [main] INFO  com.pega.TestEnvironmentImpl - Driver is initialised::ChromeDriver: chrome on WINDOWS (bc5f663f695ffa374e47497dfe9b9c38)
22:28:04.331 [main] INFO  com.pega.Browser - Opening the URL
22:28:06.537 [main] INFO  com.pega.config.SUTConfig - Setting is.pipeline.run property to false
22:28:06.537 [main] INFO  com.pega.config.SUTConfig - Debug mode is: false
22:28:06.538 [main] INFO  com.pega.config.SUTConfig - Attach PRPC logs?false
22:28:06.538 [main] INFO  com.pega.TestEnvironmentImpl - Logger level is set to : INFO
22:28:08.141 [main] INFO  com.pega.drivers.PegaChromeDriver - Chrome Driver launched successfully
22:28:08.213 [main] INFO  com.pega.TestEnvironmentImpl - Driver is initialised::ChromeDriver: chrome on WINDOWS (aae4bc11829bad2e4efb9c92f47f9340)
22:28:08.214 [main] INFO  com.pega.Browser - Opening the URL
22:28:10.409 [main] INFO  com.pega.Browser - Opening the URL
22:28:11.107 [main] INFO  com.pega.Browser - Logging in the user
22:28:11.108 [main] INFO  com.pega.framework.PegaWebDriver - element identification by logic:By.id: txtUserID
22:28:11.193 [main] INFO  com.pega.framework.PegaWebDriver - element identification by logic:By.id: txtPassword
22:28:11.413 [main] INFO  com.pega.framework.PegaWebDriver - element identification by logic:By.name: pyActivity=Code-Security.Login
22:28:44.575 [main] INFO  com.pega.sync.WaitForDocStateReady - !!! Document state div was never identified...are you sure your system is doc state aware?
22:29:14.641 [main] INFO  com.pega.sync.WaitForDocStateReady - !!! Document state div was never identified...are you sure your system is doc state aware?
22:29:14.696 [main] INFO  com.pega.Browser - is the login via application specific URL? : false
22:29:14.706 [main] INFO  com.pega.Browser - +-+-+-+-+-+-+-+-+-+-+-+-+-+-+-+-+-+-+-+-+-+-+-+-+-+-+-+-+--+-+
22:29:14.706 [main] INFO  com.pega.Browser - isCosmos : false
22:29:14.706 [main] INFO  com.pega.Browser - isConstellation : true
22:29:14.707 [main] INFO  com.pega.Browser - +-+-+-+-+-+-+-+-+-+-+-+-+-+-+-+-+-+-+-+-+-+-+-+-+-+-+-+-+--+-+
22:29:14.712 [main] INFO  com.pega.framework.PegaWebDriver - element identification by logic:By.xpath: (//button[@type='button'])[6]
22:29:15.912 [main] INFO  com.pega.sync.Throbber - Throbbing never started
22:29:15.930 [main] INFO  com.pega.framework.PegaWebDriver - element identification by logic:By.xpath: //*[@data-testid=':summary-item:primary' and normalize-space()='New Business Life']
22:29:17.067 [main] INFO  com.pega.sync.Throbber - Throbbing never started
22:29:17.088 [main] INFO  com.pega.framework.PegaWebDriver - element identification by logic:By.xpath: //*[@data-testid='First Name:input:control']
22:29:17.789 [main] INFO  com.pega.framework.PegaWebDriver - element identification by logic:By.xpath: //*[@data-testid='Last Name:input:control']
22:29:18.049 [main] INFO  com.pega.framework.PegaWebDriver - element identification by logic:By.xpath: //input[@placeholder='MM']
22:29:18.176 [main] INFO  com.pega.framework.PegaWebDriver - element identification by logic:By.xpath: //input[@placeholder='DD']
22:29:18.290 [main] INFO  com.pega.framework.PegaWebDriver - element identification by logic:By.xpath: //input[@placeholder='YYYY']
22:29:18.387 [main] INFO  com.pega.framework.PegaWebDriver - element identification by logic:By.xpath: //*[@data-testid='Age:number-input:control']
22:29:18.695 [main] INFO  com.pega.framework.PegaWebDriver - element identification by logic:By.xpath: //*[@data-testid='Identification Number:number-input:control']
22:29:18.830 [main] INFO  com.pega.framework.PegaWebDriver - element identification by logic:By.xpath: //*[@data-testid='Phone Number:phone-input:control']
22:29:18.980 [main] INFO  com.pega.framework.PegaWebDriver - element identification by logic:By.xpath: //*[@data-testid='Email:input:control']
22:29:19.078 [main] INFO  com.pega.framework.PegaWebDriver - element identification by logic:By.xpath: //*[@data-testid='Email:input:control']
22:29:19.208 [main] INFO  com.pega.framework.PegaWebDriver - element identification by logic:By.xpath: //*[@data-testid='Email:input:control']
22:29:19.366 [main] INFO  com.pega.framework.PegaWebDriver - element identification by logic:By.xpath: //*[@role='alert']
22:29:19.422 [main] INFO  com.pega.framework.PegaWebDriver - element identification by logic:By.xpath: //*[@data-testid='Email:input:control']
22:29:19.497 [main] INFO  com.pega.framework.PegaWebDriver - element identification by logic:By.xpath: //*[@data-testid='Email:input:control']
22:29:19.624 [main] INFO  com.pega.framework.PegaWebDriver - element identification by logic:By.xpath: //*[@data-testid='Zip code:input:control']
22:29:19.734 [main] INFO  com.pega.framework.PegaWebDriver - element identification by logic:By.xpath: //label[contains(@for, 'Consent.Yes')]
22:29:20.892 [main] INFO  com.pega.sync.Throbber - Throbbing never started
22:29:21.102 [main] INFO  com.pega.framework.PegaWebDriver - element identification by logic:By.xpath: //*[text()='Smoker']
22:29:22.247 [main] INFO  com.pega.sync.Throbber - Throbbing never started
22:29:22.266 [main] INFO  com.pega.framework.PegaWebDriver - element identification by logic:By.xpath: //span[contains(text(),'Create New Business Life')]
22:29:22.322 [main] INFO  com.pega.framework.PegaWebDriver - element identification by logic:By.xpath: //button[@name='next']
22:29:23.480 [main] INFO  com.pega.sync.Throbber - Throbbing never started
22:29:23.499 [main] INFO  com.pega.framework.PegaWebDriver - element identification by logic:By.xpath: //*[@data-testid='Quote ID:input:control']
22:29:24.065 [main] INFO  com.pega.framework.PegaWebDriver - element identification by logic:By.xpath: //button[@name='next']
22:29:25.196 [main] INFO  com.pega.sync.Throbber - Throbbing never started
22:29:25.215 [main] INFO  com.pega.framework.PegaWebDriver - element identification by logic:By.xpath: //*[@data-testid='Review Quote:text-area:control']
Quote Text==>Thank you for choosing Metlife.  The actual premiums can only be determined by a full application and underwriting process, including some medical testing at our expense.
22:29:25.776 [main] INFO  com.pega.framework.PegaWebDriver - element identification by logic:By.xpath: //label[contains(@for, 'ProceedToPolicy.Yes')]
22:29:25.862 [main] INFO  com.pega.framework.PegaWebDriver - element identification by logic:By.xpath: //button[@name='submit']
22:29:26.995 [main] INFO  com.pega.sync.Throbber - Throbbing never started
22:29:27.013 [main] INFO  com.pega.framework.PegaWebDriver - element identification by logic:By.xpath: //button[@name='submit']
22:29:28.147 [main] INFO  com.pega.sync.Throbber - Throbbing never started
Case ID created=>N-6002
22:29:28.173 [main] INFO  com.pega.framework.PegaWebDriver - element identification by logic:By.xpath: //*[text()='Internal Status']//following-sibling::dd
Status Text==>QUOTE-ACCEPTED
22:29:46.593 [main] INFO  com.pega.framework.PegaWebDriver - element identification by logic:By.xpath: //*[text()='New Business Life']//following-sibling::p
Value on landing page==>N-6002
22:29:46.671 [main] INFO  com.pega.framework.PegaWebDriver - element identification by logic:By.xpath: //*[contains(text(),'U@')]
22:29:47.879 [main] INFO  com.pega.sync.Throbber - Throbbing never started
22:29:47.897 [main] INFO  com.pega.framework.PegaWebDriver - element identification by logic:By.xpath: //*[contains(text(),'Log off')]
22:29:49.907 [main] INFO  com.pega.sync.Throbber - Throbbing never started
22:29:49.935 [main] INFO  com.pega.Browser - FINE https://lab-00958-bos.lab.pega.com/prweb/app/default/beEBp4uRVTogorRwSwWqbOtn9IL2fwdI*/!STANDARD - [DOM] Multiple forms should be contained in their own form elements; break up complex forms into ones that represent a single action: (More info: https://goo.gl/9p2vKq) %o
22:29:49.936 [main] INFO  com.pega.Browser - FINE https://lab-00958-bos.lab.pega.com/prweb/app/default/beEBp4uRVTogorRwSwWqbOtn9IL2fwdI*/!STANDARD - [DOM] Multiple forms should be contained in their own form elements; break up complex forms into ones that represent a single action: (More info: https://goo.gl/9p2vKq) %o
22:29:49.936 [main] INFO  com.pega.Browser - INFO https://prod-cdn.constellation.pega.io/8.23.2-464/react/prod/prerequisite/constellation-core.8a058169.js 1:127107 "asset-loader.initServer(https://prod-cdn.constellation.pega.io/8.23.2-464/react/prod/, no-appstatic)"
22:29:49.936 [main] INFO  com.pega.Browser - INFO https://prod-cdn.constellation.pega.io/8.23.2-464/react/prod/prerequisite/constellation-core.8a058169.js 1:127647 "asset-loader.initServer() staticServerURL=https://prod-cdn.constellation.pega.io/8.23.2-464/react/prod/, appStaticUrl=https://prod-cdn.constellation.pega.io/8.23.2-464/react/prod/, pegaOnlyUrl=true)"
22:29:49.937 [main] INFO  com.pega.Browser - INFO https://prod-cdn.constellation.pega.io/8.23.2-464/react/prod/prerequisite/constellation-core.8a058169.js 1:127107 "asset-loader.initServer(https://prod-cdn.constellation.pega.io/8.23.2-464/react/prod/, https://prod.constellation.pega.io/c11n-appstatic/8.23.2-464/)"
22:29:49.937 [main] INFO  com.pega.Browser - INFO https://prod-cdn.constellation.pega.io/8.23.2-464/react/prod/prerequisite/constellation-core.8a058169.js 1:127647 "asset-loader.initServer() staticServerURL=https://prod-cdn.constellation.pega.io/8.23.2-464/react/prod/, appStaticUrl=https://prod.constellation.pega.io/c11n-appstatic/8.23.2-464/, pegaOnlyUrl=true)"
22:29:49.937 [main] INFO  com.pega.Browser - INFO https://prod-cdn.constellation.pega.io/8.23.2-464/react/prod/prerequisite/constellation-core.8a058169.js 1:279472 "MS : 1718989099159"
22:29:49.937 [main] INFO  com.pega.Browser - SEVERE https://prod.constellation.pega.io/c11n-appstatic/8.23.2-464/v102/app/individual/component/Knowledge.js - Failed to load resource: the server responded with a status of 400 (Bad Request)
22:29:49.937 [main] INFO  com.pega.Browser - FINE https://lab-00958-bos.lab.pega.com/prweb/app/individual/beEBp4uRVTogorRwSwWqbOtn9IL2fwdI*/!STANDARD?pzuiactionrrr=CXtpbn1sS2dwQWpJM2ZNOEdha296cjlISmtQcDZad2pnS1h0c21HRHpmUmVmSVRMSlYyR3hWcjBqV1JmUFFoV3BQbWU5dHFkT3JKS1dDb0RZanhmVSt3M0ZQQT09* - [DOM] Input elements should have autocomplete attributes (suggested: "current-password"): (More info: https://goo.gl/9p2vKq) %o
22:29:49.938 [main] INFO  com.pega.Browser - WARNING https://lab-00958-bos.lab.pega.com/prweb/app/individual/beEBp4uRVTogorRwSwWqbOtn9IL2fwdI*/!STANDARD?pzuiactionrrr=CXtpbn1sS2dwQWpJM2ZNOEdha296cjlISmtQcDZad2pnS1h0c21HRHpmUmVmSVRMSlYyR3hWcjBqV1JmUFFoV3BQbWU5dHFkT3JKS1dDb0RZanhmVSt3M0ZQQT09* - Failed to decode downloaded font: https://lab-00958-bos.lab.pega.com/prweb/PRRestService/oauth2/v1/webwb/webwb/pxfont-OpenSans-Regular.woff2
22:29:49.938 [main] INFO  com.pega.Browser - WARNING https://lab-00958-bos.lab.pega.com/prweb/app/individual/beEBp4uRVTogorRwSwWqbOtn9IL2fwdI*/!STANDARD?pzuiactionrrr=CXtpbn1sS2dwQWpJM2ZNOEdha296cjlISmtQcDZad2pnS1h0c21HRHpmUmVmSVRMSlYyR3hWcjBqV1JmUFFoV3BQbWU5dHFkT3JKS1dDb0RZanhmVSt3M0ZQQT09* - Failed to decode downloaded font: https://lab-00958-bos.lab.pega.com/prweb/PRRestService/oauth2/v1/webwb/webwb/pxfont-OpenSans-Bold.woff2
22:29:49.938 [main] INFO  com.pega.Browser - WARNING https://lab-00958-bos.lab.pega.com/prweb/app/individual/beEBp4uRVTogorRwSwWqbOtn9IL2fwdI*/!STANDARD?pzuiactionrrr=CXtpbn1sS2dwQWpJM2ZNOEdha296cjlISmtQcDZad2pnS1h0c21HRHpmUmVmSVRMSlYyR3hWcjBqV1JmUFFoV3BQbWU5dHFkT3JKS1dDb0RZanhmVSt3M0ZQQT09* - Failed to decode downloaded font: https://lab-00958-bos.lab.pega.com/prweb/PRRestService/oauth2/v1/webwb/webwb/pxfont-OpenSans-Bold.woff
22:29:49.938 [main] INFO  com.pega.Browser - WARNING https://lab-00958-bos.lab.pega.com/prweb/app/individual/beEBp4uRVTogorRwSwWqbOtn9IL2fwdI*/!STANDARD?pzuiactionrrr=CXtpbn1sS2dwQWpJM2ZNOEdha296cjlISmtQcDZad2pnS1h0c21HRHpmUmVmSVRMSlYyR3hWcjBqV1JmUFFoV3BQbWU5dHFkT3JKS1dDb0RZanhmVSt3M0ZQQT09* - Failed to decode downloaded font: https://lab-00958-bos.lab.pega.com/prweb/PRRestService/oauth2/v1/webwb/webwb/pxfont-OpenSans-Regular.woff
22:29:49.938 [main] INFO  com.pega.Browser - *****printing only Browser console errors*****
SEVERE https://prod.constellation.pega.io/c11n-appstatic/8.23.2-464/v102/app/individual/component/Knowledge.js - Failed to load resource: the server responded with a status of 400 (Bad Request)

22:29:49.941 [main] INFO  com.pega.Browser - THROWING EXCEPTION
22:29:49.944 [main] INFO  com.pega.Browser - JS errors in Browser console
22:29:49.944 [main] INFO  com.pega.Browser - ****END OF BROWSER CONSOLE LOGS*****
22:29:52.958 [main] INFO  com.pega.Browser - Switching successful to window no: 1
22:29:52.958 [main] INFO  com.pega.Browser - Performing Log off operation
22:29:54.768 [main] INFO  com.pega.config.test.TestBase - Browser terminated...
]]></system-out>
    <system-err><![CDATA[Jun 21, 2024 10:27:59 PM io.cucumber.guice.InjectorSourceFactory loadInjectorSourceFromProperties
WARNING: The 'guice.injector-source' property has been deprecated.Add a class implementing 'io.cucumber.guice.InjectorSource' on the glue path instead
Jun 21, 2024 10:28:01 PM org.openqa.selenium.remote.RemoteWebDriver startSession
WARNING: Support for Legacy Capabilities is deprecated; You are sending the following invalid capabilities: [loggingPrefs, unexpectedAlertBehaviour]; Please update to W3C Syntax: https://www.selenium.dev/blog/2022/legacy-protocol-support/
Starting ChromeDriver 126.0.6478.62 (b2781ca4c383af675f7a25c7b03b4a54e25e559a-refs/branch-heads/6478_56@{#4}) on port 51293
Only local connections are allowed.
Please see https://chromedriver.chromium.org/security-considerations for suggestions on keeping ChromeDriver safe.
ChromeDriver was started successfully.
Jun 21, 2024 10:28:04 PM org.openqa.selenium.remote.ProtocolHandshake createSession
INFO: Detected upstream dialect: W3C
Jun 21, 2024 10:28:04 PM org.openqa.selenium.remote.ProtocolHandshake createSession
WARNING: Support for Legacy Capabilities is deprecated; You are sending the following invalid capabilities: [loggingPrefs, unexpectedAlertBehaviour]; Please update to W3C Syntax: https://www.selenium.dev/blog/2022/legacy-protocol-support/
Jun 21, 2024 10:28:04 PM org.openqa.selenium.devtools.CdpVersionFinder findNearestMatch
WARNING: Unable to find an exact match for CDP version 126, so returning the closest version found: a no-op implementation
Jun 21, 2024 10:28:04 PM org.openqa.selenium.devtools.CdpVersionFinder findNearestMatch
INFO: Unable to find CDP implementation matching 126.
Jun 21, 2024 10:28:04 PM org.openqa.selenium.chromium.ChromiumDriver lambda$new$3
WARNING: Unable to find version of CDP to use for . You may need to include a dependency on a specific version of the CDP using something similar to `org.seleniumhq.selenium:selenium-devtools-v86:4.2.2` where the version ("v86") matches the version of the chromium-based browser you're using and the version number of the artifact is the same as Selenium's.
Jun 21, 2024 10:28:06 PM org.openqa.selenium.remote.RemoteWebDriver startSession
WARNING: Support for Legacy Capabilities is deprecated; You are sending the following invalid capabilities: [loggingPrefs, unexpectedAlertBehaviour]; Please update to W3C Syntax: https://www.selenium.dev/blog/2022/legacy-protocol-support/
Starting ChromeDriver 126.0.6478.62 (b2781ca4c383af675f7a25c7b03b4a54e25e559a-refs/branch-heads/6478_56@{#4}) on port 62850
Only local connections are allowed.
Please see https://chromedriver.chromium.org/security-considerations for suggestions on keeping ChromeDriver safe.
ChromeDriver was started successfully.
Jun 21, 2024 10:28:08 PM org.openqa.selenium.remote.ProtocolHandshake createSession
INFO: Detected upstream dialect: W3C
Jun 21, 2024 10:28:08 PM org.openqa.selenium.remote.ProtocolHandshake createSession
WARNING: Support for Legacy Capabilities is deprecated; You are sending the following invalid capabilities: [loggingPrefs, unexpectedAlertBehaviour]; Please update to W3C Syntax: https://www.selenium.dev/blog/2022/legacy-protocol-support/
Jun 21, 2024 10:28:08 PM org.openqa.selenium.devtools.CdpVersionFinder findNearestMatch
WARNING: Unable to find an exact match for CDP version 126, so returning the closest version found: a no-op implementation
Jun 21, 2024 10:28:08 PM org.openqa.selenium.devtools.CdpVersionFinder findNearestMatch
INFO: Unable to find CDP implementation matching 126.
Jun 21, 2024 10:28:08 PM org.openqa.selenium.chromium.ChromiumDriver lambda$new$3
WARNING: Unable to find version of CDP to use for . You may need to include a dependency on a specific version of the CDP using something similar to `org.seleniumhq.selenium:selenium-devtools-v86:4.2.2` where the version ("v86") matches the version of the chromium-based browser you're using and the version number of the artifact is the same as Selenium's.
com.pega.exceptions.ErrorsInChromeConsoleException: JS errors in Browser console
	at com.pega.BrowserImpl.getConsoleLogFromChromeBrowser(BrowserImpl.java:557)
	at com.pega.config.test.TestBase.tearDown(TestBase.java:92)
	at com.pega.PlatformTestEnvironment.tearDown(PlatformTestEnvironment.java:38)
	at java.base/jdk.internal.reflect.NativeMethodAccessorImpl.invoke0(Native Method)
	at java.base/jdk.internal.reflect.NativeMethodAccessorImpl.invoke(NativeMethodAccessorImpl.java:62)
	at java.base/jdk.internal.reflect.DelegatingMethodAccessorImpl.invoke(DelegatingMethodAccessorImpl.java:43)
	at java.base/java.lang.reflect.Method.invoke(Method.java:566)
	at io.cucumber.java.Invoker.doInvoke(Invoker.java:66)
	at io.cucumber.java.Invoker.invoke(Invoker.java:24)
	at io.cucumber.java.AbstractGlueDefinition.invokeMethod(AbstractGlueDefinition.java:47)
	at io.cucumber.java.JavaHookDefinition.execute(JavaHookDefinition.java:64)
	at io.cucumber.core.runner.CoreHookDefinition.execute(CoreHookDefinition.java:46)
	at io.cucumber.core.runner.HookDefinitionMatch.runStep(HookDefinitionMatch.java:21)
	at io.cucumber.core.runner.ExecutionMode$1.execute(ExecutionMode.java:10)
	at io.cucumber.core.runner.TestStep.executeStep(TestStep.java:86)
	at io.cucumber.core.runner.TestStep.run(TestStep.java:57)
	at io.cucumber.core.runner.TestCase.run(TestCase.java:101)
	at io.cucumber.core.runner.Runner.runPickle(Runner.java:75)
	at io.cucumber.testng.TestNGCucumberRunner.lambda$runScenario$1(TestNGCucumberRunner.java:132)
	at io.cucumber.core.runtime.CucumberExecutionContext.lambda$runTestCase$3(CucumberExecutionContext.java:151)
	at io.cucumber.core.runtime.RethrowingThrowableCollector.executeAndThrow(RethrowingThrowableCollector.java:23)
	at io.cucumber.core.runtime.CucumberExecutionContext.runTestCase(CucumberExecutionContext.java:151)
	at io.cucumber.testng.TestNGCucumberRunner.runScenario(TestNGCucumberRunner.java:129)
	at io.cucumber.testng.AbstractTestNGCucumberTests.runScenario(AbstractTestNGCucumberTests.java:35)
	at java.base/jdk.internal.reflect.NativeMethodAccessorImpl.invoke0(Native Method)
	at java.base/jdk.internal.reflect.NativeMethodAccessorImpl.invoke(NativeMethodAccessorImpl.java:62)
	at java.base/jdk.internal.reflect.DelegatingMethodAccessorImpl.invoke(DelegatingMethodAccessorImpl.java:43)
	at java.base/java.lang.reflect.Method.invoke(Method.java:566)
	at org.testng.internal.MethodInvocationHelper.invokeMethod(MethodInvocationHelper.java:132)
	at org.testng.internal.TestInvoker.invokeMethod(TestInvoker.java:599)
	at org.testng.internal.TestInvoker.invokeTestMethod(TestInvoker.java:174)
	at org.testng.internal.MethodRunner.runInSequence(MethodRunner.java:46)
	at org.testng.internal.TestInvoker$MethodInvocationAgent.invoke(TestInvoker.java:822)
	at org.testng.internal.TestInvoker.invokeTestMethods(TestInvoker.java:147)
	at org.testng.internal.TestMethodWorker.invokeTestMethods(TestMethodWorker.java:146)
	at org.testng.internal.TestMethodWorker.run(TestMethodWorker.java:128)
	at java.base/java.util.ArrayList.forEach(ArrayList.java:1541)
	at org.testng.TestRunner.privateRun(TestRunner.java:764)
	at org.testng.TestRunner.run(TestRunner.java:585)
	at org.testng.SuiteRunner.runTest(SuiteRunner.java:384)
	at org.testng.SuiteRunner.runSequentially(SuiteRunner.java:378)
	at org.testng.SuiteRunner.privateRun(SuiteRunner.java:337)
	at org.testng.SuiteRunner.run(SuiteRunner.java:286)
	at org.testng.SuiteRunnerWorker.runSuite(SuiteRunnerWorker.java:53)
	at org.testng.SuiteRunnerWorker.run(SuiteRunnerWorker.java:96)
	at org.testng.TestNG.runSuitesSequentially(TestNG.java:1218)
	at org.testng.TestNG.runSuitesLocally(TestNG.java:1140)
	at org.testng.TestNG.runSuites(TestNG.java:1069)
	at org.testng.TestNG.run(TestNG.java:1037)
	at org.apache.maven.surefire.testng.TestNGExecutor.run(TestNGExecutor.java:151)
	at org.apache.maven.surefire.testng.TestNGDirectoryTestSuite.executeMulti(TestNGDirectoryTestSuite.java:192)
	at org.apache.maven.surefire.testng.TestNGDirectoryTestSuite.execute(TestNGDirectoryTestSuite.java:93)
	at org.apache.maven.surefire.testng.TestNGProvider.invoke(TestNGProvider.java:155)
	at org.apache.maven.surefire.booter.ForkedBooter.runSuitesInProcess(ForkedBooter.java:456)
	at org.apache.maven.surefire.booter.ForkedBooter.execute(ForkedBooter.java:169)
	at org.apache.maven.surefire.booter.ForkedBooter.run(ForkedBooter.java:595)
	at org.apache.maven.surefire.booter.ForkedBooter.main(ForkedBooter.java:581)
]]></system-err>
  </testcase>
</testsuite>