<?xml version="1.0" encoding="UTF-8"?>
<testsuite xmlns:xsi="http://www.w3.org/2001/XMLSchema-instance" xsi:noNamespaceSchemaLocation="https://maven.apache.org/surefire/maven-surefire-plugin/xsd/surefire-test-report-3.0.xsd" version="3.0" name="TestSuite" time="66.71" tests="7" errors="0" skipped="0" failures="7">
  <properties>
[...]
</properties>
  <testcase name="runScenario[&quot;Verify Favourites functionality&quot;, &quot;Optional[BO user Test cases]&quot;](1)" classname="RunCukesTest" time="13.442">
    <failure message="unknown error: net::ERR_CONNECTION_RESET&#10;  (Session info: chrome=125.0.6422.142)&#10;Build info: version: &apos;4.2.2&apos;, revision: &apos;683ccb65d6&apos;&#10;System info: host: &apos;HYD-PCI-NOD-T01&apos;, ip: &apos;192.168.56.1&apos;, os.name: &apos;Windows Server 2016&apos;, os.arch: &apos;amd64&apos;, os.version: &apos;10.0&apos;, java.version: &apos;11.0.17&apos;&#10;Driver info: org.openqa.selenium.chrome.ChromeDriver&#10;Command: [1d9cd8970823ef4594230fe56e08dccf, get {url=https://veishydcnt04163.lab.pega.com/prweb}]&#10;Capabilities {acceptInsecureCerts: false, browserName: chrome, browserVersion: 125.0.6422.142, chrome: {chromedriverVersion: 125.0.6422.141 (4b1e8393712..., userDataDir: C:\Program Files\scoped_dir...}, fedcm:accounts: true, goog:chromeOptions: {debuggerAddress: localhost:63321}, networkConnectionEnabled: false, pageLoadStrategy: normal, platformName: WINDOWS, proxy: Proxy(), se:cdp: ws://localhost:63321/devtoo..., se:cdpVersion: 125.0.6422.142, setWindowRect: true, strictFileInteractability: false, timeouts: {implicit: 0, pageLoad: 300000, script: 30000}, unhandledPromptBehavior: accept, webauthn:extension:credBlob: true, webauthn:extension:largeBlob: true, webauthn:extension:minPinLength: true, webauthn:extension:prf: true, webauthn:virtualAuthenticators: true}&#10;Session ID: 1d9cd8970823ef4594230fe56e08dccf" type="org.openqa.selenium.WebDriverException"><![CDATA[org.openqa.selenium.WebDriverException: 
unknown error: net::ERR_CONNECTION_RESET
  (Session info: chrome=125.0.6422.142)
Build info: version: '4.2.2', revision: '683ccb65d6'
System info: host: 'HYD-PCI-NOD-T01', ip: '192.168.56.1', os.name: 'Windows Server 2016', os.arch: 'amd64', os.version: '10.0', java.version: '11.0.17'
Driver info: org.openqa.selenium.chrome.ChromeDriver
Command: [1d9cd8970823ef4594230fe56e08dccf, get {url=https://veishydcnt04163.lab.pega.com/prweb}]
Capabilities {acceptInsecureCerts: false, browserName: chrome, browserVersion: 125.0.6422.142, chrome: {chromedriverVersion: 125.0.6422.141 (4b1e8393712..., userDataDir: C:\Program Files\scoped_dir...}, fedcm:accounts: true, goog:chromeOptions: {debuggerAddress: localhost:63321}, networkConnectionEnabled: false, pageLoadStrategy: normal, platformName: WINDOWS, proxy: Proxy(), se:cdp: ws://localhost:63321/devtoo..., se:cdpVersion: 125.0.6422.142, setWindowRect: true, strictFileInteractability: false, timeouts: {implicit: 0, pageLoad: 300000, script: 30000}, unhandledPromptBehavior: accept, webauthn:extension:credBlob: true, webauthn:extension:largeBlob: true, webauthn:extension:minPinLength: true, webauthn:extension:prf: true, webauthn:virtualAuthenticators: true}
Session ID: 1d9cd8970823ef4594230fe56e08dccf
	at java.base/jdk.internal.reflect.NativeConstructorAccessorImpl.newInstance0(Native Method)
	at java.base/jdk.internal.reflect.NativeConstructorAccessorImpl.newInstance(NativeConstructorAccessorImpl.java:62)
	at java.base/jdk.internal.reflect.DelegatingConstructorAccessorImpl.newInstance(DelegatingConstructorAccessorImpl.java:45)
	at java.base/java.lang.reflect.Constructor.newInstance(Constructor.java:490)
	at org.openqa.selenium.remote.codec.w3c.W3CHttpResponseCodec.createException(W3CHttpResponseCodec.java:200)
	at org.openqa.selenium.remote.codec.w3c.W3CHttpResponseCodec.decode(W3CHttpResponseCodec.java:133)
	at org.openqa.selenium.remote.codec.w3c.W3CHttpResponseCodec.decode(W3CHttpResponseCodec.java:53)
	at org.openqa.selenium.remote.HttpCommandExecutor.execute(HttpCommandExecutor.java:184)
	at org.openqa.selenium.remote.service.DriverCommandExecutor.invokeExecute(DriverCommandExecutor.java:167)
	at org.openqa.selenium.remote.service.DriverCommandExecutor.execute(DriverCommandExecutor.java:142)
	at org.openqa.selenium.remote.RemoteWebDriver.execute(RemoteWebDriver.java:588)
	at org.openqa.selenium.remote.RemoteWebDriver.get(RemoteWebDriver.java:351)
	at com.pega.BrowserImpl.open(BrowserImpl.java:314)
	at com.pega.BrowserImpl.open(BrowserImpl.java:284)
	at com.pega.CRMBrowser.open(CRMBrowser.java:99)
	at com.pega.config.test.TestBase.configureBrowser(TestBase.java:60)
	at com.pega.CRMTestEnvironment.setUp(CRMTestEnvironment.java:76)
]]></failure>
    <system-out><![CDATA[13:03:43.433 [main] INFO  com.pega.config.SUTConfig - Setting is.pipeline.run property to false
13:03:43.456 [main] INFO  com.pega.config.SUTConfig - Debug mode is: false
13:03:43.456 [main] INFO  com.pega.config.SUTConfig - Attach PRPC logs?false
13:03:43.457 [main] INFO  com.pega.TestEnvironmentImpl - Logger level is set to : INFO
13:03:43.689 [main] INFO  c.pega.config.util.GetChromeDriver - yes chrome.exe exists
13:03:46.142 [main] INFO  c.pega.config.util.GetChromeDriver - current driver version is 125.0.6422.141
13:03:46.144 [main] INFO  c.pega.config.util.GetChromeDriver - current version of chrome 125.0.6422.141
13:03:46.145 [main] INFO  c.pega.config.util.GetChromeDriver - local Chrome version is 125
All SSL Certificates will be accepted...
Checking availability of URL: https://googlechromelabs.github.io/chrome-for-testing/known-good-versions.json
13:03:46.720 [main] INFO  c.pega.config.util.GetChromeDriver - Chrome Version: 125	ChromeDriver version needed:125.0.6422.141
13:03:46.721 [main] INFO  c.pega.config.util.GetChromeDriver - Required chromedriver version is already available. Not attempting to download any new version
13:03:49.147 [main] INFO  com.pega.drivers.PegaChromeDriver - Chrome Driver launched successfully
13:03:49.373 [main] INFO  com.pega.TestEnvironmentImpl - Driver is initialised::ChromeDriver: chrome on WINDOWS (1d9cd8970823ef4594230fe56e08dccf)
13:03:49.374 [main] INFO  com.pega.Browser - Opening the URL
]]></system-out>
    <system-err><![CDATA[Jun 13, 2024 1:03:42 PM io.cucumber.guice.InjectorSourceFactory loadInjectorSourceFromProperties
WARNING: The 'guice.injector-source' property has been deprecated.Add a class implementing 'io.cucumber.guice.InjectorSource' on the glue path instead
Jun 13, 2024 1:03:47 PM org.openqa.selenium.remote.RemoteWebDriver startSession
WARNING: Support for Legacy Capabilities is deprecated; You are sending the following invalid capabilities: [loggingPrefs, unexpectedAlertBehaviour]; Please update to W3C Syntax: https://www.selenium.dev/blog/2022/legacy-protocol-support/
Starting ChromeDriver 125.0.6422.141 (4b1e83937122185343ba92e909b021f307c719ca-refs/branch-heads/6422@{#1186}) on port 49561
Only local connections are allowed.
Please see https://chromedriver.chromium.org/security-considerations for suggestions on keeping ChromeDriver safe.
ChromeDriver was started successfully.
Jun 13, 2024 1:03:49 PM org.openqa.selenium.remote.ProtocolHandshake createSession
INFO: Detected upstream dialect: W3C
Jun 13, 2024 1:03:49 PM org.openqa.selenium.remote.ProtocolHandshake createSession
WARNING: Support for Legacy Capabilities is deprecated; You are sending the following invalid capabilities: [loggingPrefs, unexpectedAlertBehaviour]; Please update to W3C Syntax: https://www.selenium.dev/blog/2022/legacy-protocol-support/
Jun 13, 2024 1:03:49 PM org.openqa.selenium.devtools.CdpVersionFinder findNearestMatch
WARNING: Unable to find an exact match for CDP version 125, so returning the closest version found: a no-op implementation
Jun 13, 2024 1:03:49 PM org.openqa.selenium.devtools.CdpVersionFinder findNearestMatch
INFO: Unable to find CDP implementation matching 125.
Jun 13, 2024 1:03:49 PM org.openqa.selenium.chromium.ChromiumDriver lambda$new$3
WARNING: Unable to find version of CDP to use for . You may need to include a dependency on a specific version of the CDP using something similar to `org.seleniumhq.selenium:selenium-devtools-v86:4.2.2` where the version ("v86") matches the version of the chromium-based browser you're using and the version number of the artifact is the same as Selenium's.
]]></system-err>
  </testcase>
  <testcase name="runScenario[&quot;Validation when Account is switched from Individual to Commercial&quot;, &quot;Optional[Demo Interaction Test cases]&quot;](2)" classname="RunCukesTest" time="8.495">
    <failure message="unknown error: net::ERR_CONNECTION_RESET&#10;  (Session info: chrome=125.0.6422.142)&#10;Build info: version: &apos;4.2.2&apos;, revision: &apos;683ccb65d6&apos;&#10;System info: host: &apos;HYD-PCI-NOD-T01&apos;, ip: &apos;192.168.56.1&apos;, os.name: &apos;Windows Server 2016&apos;, os.arch: &apos;amd64&apos;, os.version: &apos;10.0&apos;, java.version: &apos;11.0.17&apos;&#10;Driver info: org.openqa.selenium.chrome.ChromeDriver&#10;Command: [f42ee8b1e9ac3c9b11bf93790d5bcb9f, get {url=https://veishydcnt04163.lab.pega.com/prweb}]&#10;Capabilities {acceptInsecureCerts: false, browserName: chrome, browserVersion: 125.0.6422.142, chrome: {chromedriverVersion: 125.0.6422.141 (4b1e8393712..., userDataDir: C:\Program Files\scoped_dir...}, fedcm:accounts: true, goog:chromeOptions: {debuggerAddress: localhost:63342}, networkConnectionEnabled: false, pageLoadStrategy: normal, platformName: WINDOWS, proxy: Proxy(), se:cdp: ws://localhost:63342/devtoo..., se:cdpVersion: 125.0.6422.142, setWindowRect: true, strictFileInteractability: false, timeouts: {implicit: 0, pageLoad: 300000, script: 30000}, unhandledPromptBehavior: accept, webauthn:extension:credBlob: true, webauthn:extension:largeBlob: true, webauthn:extension:minPinLength: true, webauthn:extension:prf: true, webauthn:virtualAuthenticators: true}&#10;Session ID: f42ee8b1e9ac3c9b11bf93790d5bcb9f" type="org.openqa.selenium.WebDriverException"><![CDATA[org.openqa.selenium.WebDriverException: 
unknown error: net::ERR_CONNECTION_RESET
  (Session info: chrome=125.0.6422.142)
Build info: version: '4.2.2', revision: '683ccb65d6'
System info: host: 'HYD-PCI-NOD-T01', ip: '192.168.56.1', os.name: 'Windows Server 2016', os.arch: 'amd64', os.version: '10.0', java.version: '11.0.17'
Driver info: org.openqa.selenium.chrome.ChromeDriver
Command: [f42ee8b1e9ac3c9b11bf93790d5bcb9f, get {url=https://veishydcnt04163.lab.pega.com/prweb}]
Capabilities {acceptInsecureCerts: false, browserName: chrome, browserVersion: 125.0.6422.142, chrome: {chromedriverVersion: 125.0.6422.141 (4b1e8393712..., userDataDir: C:\Program Files\scoped_dir...}, fedcm:accounts: true, goog:chromeOptions: {debuggerAddress: localhost:63342}, networkConnectionEnabled: false, pageLoadStrategy: normal, platformName: WINDOWS, proxy: Proxy(), se:cdp: ws://localhost:63342/devtoo..., se:cdpVersion: 125.0.6422.142, setWindowRect: true, strictFileInteractability: false, timeouts: {implicit: 0, pageLoad: 300000, script: 30000}, unhandledPromptBehavior: accept, webauthn:extension:credBlob: true, webauthn:extension:largeBlob: true, webauthn:extension:minPinLength: true, webauthn:extension:prf: true, webauthn:virtualAuthenticators: true}
Session ID: f42ee8b1e9ac3c9b11bf93790d5bcb9f
	at java.base/jdk.internal.reflect.NativeConstructorAccessorImpl.newInstance0(Native Method)
	at java.base/jdk.internal.reflect.NativeConstructorAccessorImpl.newInstance(NativeConstructorAccessorImpl.java:62)
	at java.base/jdk.internal.reflect.DelegatingConstructorAccessorImpl.newInstance(DelegatingConstructorAccessorImpl.java:45)
	at java.base/java.lang.reflect.Constructor.newInstance(Constructor.java:490)
	at org.openqa.selenium.remote.codec.w3c.W3CHttpResponseCodec.createException(W3CHttpResponseCodec.java:200)
	at org.openqa.selenium.remote.codec.w3c.W3CHttpResponseCodec.decode(W3CHttpResponseCodec.java:133)
	at org.openqa.selenium.remote.codec.w3c.W3CHttpResponseCodec.decode(W3CHttpResponseCodec.java:53)
	at org.openqa.selenium.remote.HttpCommandExecutor.execute(HttpCommandExecutor.java:184)
	at org.openqa.selenium.remote.service.DriverCommandExecutor.invokeExecute(DriverCommandExecutor.java:167)
	at org.openqa.selenium.remote.service.DriverCommandExecutor.execute(DriverCommandExecutor.java:142)
	at org.openqa.selenium.remote.RemoteWebDriver.execute(RemoteWebDriver.java:588)
	at org.openqa.selenium.remote.RemoteWebDriver.get(RemoteWebDriver.java:351)
	at com.pega.BrowserImpl.open(BrowserImpl.java:314)
	at com.pega.BrowserImpl.open(BrowserImpl.java:284)
	at com.pega.CRMBrowser.open(CRMBrowser.java:99)
	at com.pega.config.test.TestBase.configureBrowser(TestBase.java:60)
	at com.pega.CRMTestEnvironment.setUp(CRMTestEnvironment.java:76)
]]></failure>
    <system-out><![CDATA[13:03:56.290 [main] INFO  com.pega.config.SUTConfig - Setting is.pipeline.run property to false
13:03:56.290 [main] INFO  com.pega.config.SUTConfig - Debug mode is: false
13:03:56.290 [main] INFO  com.pega.config.SUTConfig - Attach PRPC logs?false
13:03:56.291 [main] INFO  com.pega.TestEnvironmentImpl - Logger level is set to : INFO
13:03:56.526 [main] INFO  c.pega.config.util.GetChromeDriver - yes chrome.exe exists
13:03:56.655 [main] INFO  c.pega.config.util.GetChromeDriver - current driver version is 125.0.6422.141
13:03:56.657 [main] INFO  c.pega.config.util.GetChromeDriver - current version of chrome 125.0.6422.141
13:03:56.658 [main] INFO  c.pega.config.util.GetChromeDriver - local Chrome version is 125
All SSL Certificates will be accepted...
Checking availability of URL: https://googlechromelabs.github.io/chrome-for-testing/known-good-versions.json
13:03:56.717 [main] INFO  c.pega.config.util.GetChromeDriver - Chrome Version: 125	ChromeDriver version needed:125.0.6422.141
13:03:56.717 [main] INFO  c.pega.config.util.GetChromeDriver - Required chromedriver version is already available. Not attempting to download any new version
13:03:58.295 [main] INFO  com.pega.drivers.PegaChromeDriver - Chrome Driver launched successfully
13:03:58.364 [main] INFO  com.pega.TestEnvironmentImpl - Driver is initialised::ChromeDriver: chrome on WINDOWS (f42ee8b1e9ac3c9b11bf93790d5bcb9f)
13:03:58.365 [main] INFO  com.pega.Browser - Opening the URL
]]></system-out>
    <system-err><![CDATA[Jun 13, 2024 1:03:56 PM org.openqa.selenium.remote.RemoteWebDriver startSession
WARNING: Support for Legacy Capabilities is deprecated; You are sending the following invalid capabilities: [loggingPrefs, unexpectedAlertBehaviour]; Please update to W3C Syntax: https://www.selenium.dev/blog/2022/legacy-protocol-support/
Starting ChromeDriver 125.0.6422.141 (4b1e83937122185343ba92e909b021f307c719ca-refs/branch-heads/6422@{#1186}) on port 53453
Only local connections are allowed.
Please see https://chromedriver.chromium.org/security-considerations for suggestions on keeping ChromeDriver safe.
ChromeDriver was started successfully.
Jun 13, 2024 1:03:58 PM org.openqa.selenium.remote.ProtocolHandshake createSession
INFO: Detected upstream dialect: W3C
Jun 13, 2024 1:03:58 PM org.openqa.selenium.remote.ProtocolHandshake createSession
WARNING: Support for Legacy Capabilities is deprecated; You are sending the following invalid capabilities: [loggingPrefs, unexpectedAlertBehaviour]; Please update to W3C Syntax: https://www.selenium.dev/blog/2022/legacy-protocol-support/
Jun 13, 2024 1:03:58 PM org.openqa.selenium.devtools.CdpVersionFinder findNearestMatch
WARNING: Unable to find an exact match for CDP version 125, so returning the closest version found: a no-op implementation
Jun 13, 2024 1:03:58 PM org.openqa.selenium.devtools.CdpVersionFinder findNearestMatch
INFO: Unable to find CDP implementation matching 125.
Jun 13, 2024 1:03:58 PM org.openqa.selenium.chromium.ChromiumDriver lambda$new$3
WARNING: Unable to find version of CDP to use for . You may need to include a dependency on a specific version of the CDP using something similar to `org.seleniumhq.selenium:selenium-devtools-v86:4.2.2` where the version ("v86") matches the version of the chromium-based browser you're using and the version number of the artifact is the same as Selenium's.
]]></system-err>
  </testcase>
  <testcase name="runScenario[&quot;Verify all the options present under account and Create Lead for user&quot;, &quot;Optional[Demo Interaction Test cases]&quot;](3)" classname="RunCukesTest" time="8.535">
    <failure message="unknown error: net::ERR_CONNECTION_RESET&#10;  (Session info: chrome=125.0.6422.142)&#10;Build info: version: &apos;4.2.2&apos;, revision: &apos;683ccb65d6&apos;&#10;System info: host: &apos;HYD-PCI-NOD-T01&apos;, ip: &apos;192.168.56.1&apos;, os.name: &apos;Windows Server 2016&apos;, os.arch: &apos;amd64&apos;, os.version: &apos;10.0&apos;, java.version: &apos;11.0.17&apos;&#10;Driver info: org.openqa.selenium.chrome.ChromeDriver&#10;Command: [d0835af38f9221558c40ffd911993750, get {url=https://veishydcnt04163.lab.pega.com/prweb}]&#10;Capabilities {acceptInsecureCerts: false, browserName: chrome, browserVersion: 125.0.6422.142, chrome: {chromedriverVersion: 125.0.6422.141 (4b1e8393712..., userDataDir: C:\Program Files\scoped_dir...}, fedcm:accounts: true, goog:chromeOptions: {debuggerAddress: localhost:63362}, networkConnectionEnabled: false, pageLoadStrategy: normal, platformName: WINDOWS, proxy: Proxy(), se:cdp: ws://localhost:63362/devtoo..., se:cdpVersion: 125.0.6422.142, setWindowRect: true, strictFileInteractability: false, timeouts: {implicit: 0, pageLoad: 300000, script: 30000}, unhandledPromptBehavior: accept, webauthn:extension:credBlob: true, webauthn:extension:largeBlob: true, webauthn:extension:minPinLength: true, webauthn:extension:prf: true, webauthn:virtualAuthenticators: true}&#10;Session ID: d0835af38f9221558c40ffd911993750" type="org.openqa.selenium.WebDriverException"><![CDATA[org.openqa.selenium.WebDriverException: 
unknown error: net::ERR_CONNECTION_RESET
  (Session info: chrome=125.0.6422.142)
Build info: version: '4.2.2', revision: '683ccb65d6'
System info: host: 'HYD-PCI-NOD-T01', ip: '192.168.56.1', os.name: 'Windows Server 2016', os.arch: 'amd64', os.version: '10.0', java.version: '11.0.17'
Driver info: org.openqa.selenium.chrome.ChromeDriver
Command: [d0835af38f9221558c40ffd911993750, get {url=https://veishydcnt04163.lab.pega.com/prweb}]
Capabilities {acceptInsecureCerts: false, browserName: chrome, browserVersion: 125.0.6422.142, chrome: {chromedriverVersion: 125.0.6422.141 (4b1e8393712..., userDataDir: C:\Program Files\scoped_dir...}, fedcm:accounts: true, goog:chromeOptions: {debuggerAddress: localhost:63362}, networkConnectionEnabled: false, pageLoadStrategy: normal, platformName: WINDOWS, proxy: Proxy(), se:cdp: ws://localhost:63362/devtoo..., se:cdpVersion: 125.0.6422.142, setWindowRect: true, strictFileInteractability: false, timeouts: {implicit: 0, pageLoad: 300000, script: 30000}, unhandledPromptBehavior: accept, webauthn:extension:credBlob: true, webauthn:extension:largeBlob: true, webauthn:extension:minPinLength: true, webauthn:extension:prf: true, webauthn:virtualAuthenticators: true}
Session ID: d0835af38f9221558c40ffd911993750
	at java.base/jdk.internal.reflect.NativeConstructorAccessorImpl.newInstance0(Native Method)
	at java.base/jdk.internal.reflect.NativeConstructorAccessorImpl.newInstance(NativeConstructorAccessorImpl.java:62)
	at java.base/jdk.internal.reflect.DelegatingConstructorAccessorImpl.newInstance(DelegatingConstructorAccessorImpl.java:45)
	at java.base/java.lang.reflect.Constructor.newInstance(Constructor.java:490)
	at org.openqa.selenium.remote.codec.w3c.W3CHttpResponseCodec.createException(W3CHttpResponseCodec.java:200)
	at org.openqa.selenium.remote.codec.w3c.W3CHttpResponseCodec.decode(W3CHttpResponseCodec.java:133)
	at org.openqa.selenium.remote.codec.w3c.W3CHttpResponseCodec.decode(W3CHttpResponseCodec.java:53)
	at org.openqa.selenium.remote.HttpCommandExecutor.execute(HttpCommandExecutor.java:184)
	at org.openqa.selenium.remote.service.DriverCommandExecutor.invokeExecute(DriverCommandExecutor.java:167)
	at org.openqa.selenium.remote.service.DriverCommandExecutor.execute(DriverCommandExecutor.java:142)
	at org.openqa.selenium.remote.RemoteWebDriver.execute(RemoteWebDriver.java:588)
	at org.openqa.selenium.remote.RemoteWebDriver.get(RemoteWebDriver.java:351)
	at com.pega.BrowserImpl.open(BrowserImpl.java:314)
	at com.pega.BrowserImpl.open(BrowserImpl.java:284)
	at com.pega.CRMBrowser.open(CRMBrowser.java:99)
	at com.pega.config.test.TestBase.configureBrowser(TestBase.java:60)
	at com.pega.CRMTestEnvironment.setUp(CRMTestEnvironment.java:76)
]]></failure>
    <system-out><![CDATA[13:04:04.788 [main] INFO  com.pega.config.SUTConfig - Setting is.pipeline.run property to false
13:04:04.788 [main] INFO  com.pega.config.SUTConfig - Debug mode is: false
13:04:04.789 [main] INFO  com.pega.config.SUTConfig - Attach PRPC logs?false
13:04:04.789 [main] INFO  com.pega.TestEnvironmentImpl - Logger level is set to : INFO
13:04:04.992 [main] INFO  c.pega.config.util.GetChromeDriver - yes chrome.exe exists
13:04:05.127 [main] INFO  c.pega.config.util.GetChromeDriver - current driver version is 125.0.6422.141
13:04:05.128 [main] INFO  c.pega.config.util.GetChromeDriver - current version of chrome 125.0.6422.141
13:04:05.129 [main] INFO  c.pega.config.util.GetChromeDriver - local Chrome version is 125
All SSL Certificates will be accepted...
Checking availability of URL: https://googlechromelabs.github.io/chrome-for-testing/known-good-versions.json
13:04:05.187 [main] INFO  c.pega.config.util.GetChromeDriver - Chrome Version: 125	ChromeDriver version needed:125.0.6422.141
13:04:05.188 [main] INFO  c.pega.config.util.GetChromeDriver - Required chromedriver version is already available. Not attempting to download any new version
13:04:06.820 [main] INFO  com.pega.drivers.PegaChromeDriver - Chrome Driver launched successfully
13:04:06.890 [main] INFO  com.pega.TestEnvironmentImpl - Driver is initialised::ChromeDriver: chrome on WINDOWS (d0835af38f9221558c40ffd911993750)
13:04:06.890 [main] INFO  com.pega.Browser - Opening the URL
]]></system-out>
    <system-err><![CDATA[Jun 13, 2024 1:04:05 PM org.openqa.selenium.remote.RemoteWebDriver startSession
WARNING: Support for Legacy Capabilities is deprecated; You are sending the following invalid capabilities: [loggingPrefs, unexpectedAlertBehaviour]; Please update to W3C Syntax: https://www.selenium.dev/blog/2022/legacy-protocol-support/
Starting ChromeDriver 125.0.6422.141 (4b1e83937122185343ba92e909b021f307c719ca-refs/branch-heads/6422@{#1186}) on port 61632
Only local connections are allowed.
Please see https://chromedriver.chromium.org/security-considerations for suggestions on keeping ChromeDriver safe.
ChromeDriver was started successfully.
Jun 13, 2024 1:04:06 PM org.openqa.selenium.remote.ProtocolHandshake createSession
INFO: Detected upstream dialect: W3C
Jun 13, 2024 1:04:06 PM org.openqa.selenium.remote.ProtocolHandshake createSession
WARNING: Support for Legacy Capabilities is deprecated; You are sending the following invalid capabilities: [loggingPrefs, unexpectedAlertBehaviour]; Please update to W3C Syntax: https://www.selenium.dev/blog/2022/legacy-protocol-support/
Jun 13, 2024 1:04:06 PM org.openqa.selenium.devtools.CdpVersionFinder findNearestMatch
WARNING: Unable to find an exact match for CDP version 125, so returning the closest version found: a no-op implementation
Jun 13, 2024 1:04:06 PM org.openqa.selenium.devtools.CdpVersionFinder findNearestMatch
INFO: Unable to find CDP implementation matching 125.
Jun 13, 2024 1:04:06 PM org.openqa.selenium.chromium.ChromiumDriver lambda$new$3
WARNING: Unable to find version of CDP to use for . You may need to include a dependency on a specific version of the CDP using something similar to `org.seleniumhq.selenium:selenium-devtools-v86:4.2.2` where the version ("v86") matches the version of the chromium-based browser you're using and the version number of the artifact is the same as Selenium's.
]]></system-err>
  </testcase>
  <testcase name="runScenario[&quot;Outbound phone call with Address Change and Disconnected Number&quot;, &quot;Optional[Outbound Phone call test cases]&quot;](4)" classname="RunCukesTest" time="8.438">
    <failure message="unknown error: net::ERR_CONNECTION_RESET&#10;  (Session info: chrome=125.0.6422.142)&#10;Build info: version: &apos;4.2.2&apos;, revision: &apos;683ccb65d6&apos;&#10;System info: host: &apos;HYD-PCI-NOD-T01&apos;, ip: &apos;192.168.56.1&apos;, os.name: &apos;Windows Server 2016&apos;, os.arch: &apos;amd64&apos;, os.version: &apos;10.0&apos;, java.version: &apos;11.0.17&apos;&#10;Driver info: org.openqa.selenium.chrome.ChromeDriver&#10;Command: [d9855f66b3387c4ebeb216d1a8379661, get {url=https://veishydcnt04163.lab.pega.com/prweb}]&#10;Capabilities {acceptInsecureCerts: false, browserName: chrome, browserVersion: 125.0.6422.142, chrome: {chromedriverVersion: 125.0.6422.141 (4b1e8393712..., userDataDir: C:\Program Files\scoped_dir...}, fedcm:accounts: true, goog:chromeOptions: {debuggerAddress: localhost:63382}, networkConnectionEnabled: false, pageLoadStrategy: normal, platformName: WINDOWS, proxy: Proxy(), se:cdp: ws://localhost:63382/devtoo..., se:cdpVersion: 125.0.6422.142, setWindowRect: true, strictFileInteractability: false, timeouts: {implicit: 0, pageLoad: 300000, script: 30000}, unhandledPromptBehavior: accept, webauthn:extension:credBlob: true, webauthn:extension:largeBlob: true, webauthn:extension:minPinLength: true, webauthn:extension:prf: true, webauthn:virtualAuthenticators: true}&#10;Session ID: d9855f66b3387c4ebeb216d1a8379661" type="org.openqa.selenium.WebDriverException"><![CDATA[org.openqa.selenium.WebDriverException: 
unknown error: net::ERR_CONNECTION_RESET
  (Session info: chrome=125.0.6422.142)
Build info: version: '4.2.2', revision: '683ccb65d6'
System info: host: 'HYD-PCI-NOD-T01', ip: '192.168.56.1', os.name: 'Windows Server 2016', os.arch: 'amd64', os.version: '10.0', java.version: '11.0.17'
Driver info: org.openqa.selenium.chrome.ChromeDriver
Command: [d9855f66b3387c4ebeb216d1a8379661, get {url=https://veishydcnt04163.lab.pega.com/prweb}]
Capabilities {acceptInsecureCerts: false, browserName: chrome, browserVersion: 125.0.6422.142, chrome: {chromedriverVersion: 125.0.6422.141 (4b1e8393712..., userDataDir: C:\Program Files\scoped_dir...}, fedcm:accounts: true, goog:chromeOptions: {debuggerAddress: localhost:63382}, networkConnectionEnabled: false, pageLoadStrategy: normal, platformName: WINDOWS, proxy: Proxy(), se:cdp: ws://localhost:63382/devtoo..., se:cdpVersion: 125.0.6422.142, setWindowRect: true, strictFileInteractability: false, timeouts: {implicit: 0, pageLoad: 300000, script: 30000}, unhandledPromptBehavior: accept, webauthn:extension:credBlob: true, webauthn:extension:largeBlob: true, webauthn:extension:minPinLength: true, webauthn:extension:prf: true, webauthn:virtualAuthenticators: true}
Session ID: d9855f66b3387c4ebeb216d1a8379661
	at java.base/jdk.internal.reflect.NativeConstructorAccessorImpl.newInstance0(Native Method)
	at java.base/jdk.internal.reflect.NativeConstructorAccessorImpl.newInstance(NativeConstructorAccessorImpl.java:62)
	at java.base/jdk.internal.reflect.DelegatingConstructorAccessorImpl.newInstance(DelegatingConstructorAccessorImpl.java:45)
	at java.base/java.lang.reflect.Constructor.newInstance(Constructor.java:490)
	at org.openqa.selenium.remote.codec.w3c.W3CHttpResponseCodec.createException(W3CHttpResponseCodec.java:200)
	at org.openqa.selenium.remote.codec.w3c.W3CHttpResponseCodec.decode(W3CHttpResponseCodec.java:133)
	at org.openqa.selenium.remote.codec.w3c.W3CHttpResponseCodec.decode(W3CHttpResponseCodec.java:53)
	at org.openqa.selenium.remote.HttpCommandExecutor.execute(HttpCommandExecutor.java:184)
	at org.openqa.selenium.remote.service.DriverCommandExecutor.invokeExecute(DriverCommandExecutor.java:167)
	at org.openqa.selenium.remote.service.DriverCommandExecutor.execute(DriverCommandExecutor.java:142)
	at org.openqa.selenium.remote.RemoteWebDriver.execute(RemoteWebDriver.java:588)
	at org.openqa.selenium.remote.RemoteWebDriver.get(RemoteWebDriver.java:351)
	at com.pega.BrowserImpl.open(BrowserImpl.java:314)
	at com.pega.BrowserImpl.open(BrowserImpl.java:284)
	at com.pega.CRMBrowser.open(CRMBrowser.java:99)
	at com.pega.config.test.TestBase.configureBrowser(TestBase.java:60)
	at com.pega.CRMTestEnvironment.setUp(CRMTestEnvironment.java:76)
]]></failure>
    <system-out><![CDATA[13:04:13.316 [main] INFO  com.pega.config.SUTConfig - Setting is.pipeline.run property to false
13:04:13.317 [main] INFO  com.pega.config.SUTConfig - Debug mode is: false
13:04:13.317 [main] INFO  com.pega.config.SUTConfig - Attach PRPC logs?false
13:04:13.317 [main] INFO  com.pega.TestEnvironmentImpl - Logger level is set to : INFO
13:04:13.572 [main] INFO  c.pega.config.util.GetChromeDriver - yes chrome.exe exists
13:04:13.699 [main] INFO  c.pega.config.util.GetChromeDriver - current driver version is 125.0.6422.141
13:04:13.701 [main] INFO  c.pega.config.util.GetChromeDriver - current version of chrome 125.0.6422.141
13:04:13.701 [main] INFO  c.pega.config.util.GetChromeDriver - local Chrome version is 125
All SSL Certificates will be accepted...
Checking availability of URL: https://googlechromelabs.github.io/chrome-for-testing/known-good-versions.json
13:04:13.764 [main] INFO  c.pega.config.util.GetChromeDriver - Chrome Version: 125	ChromeDriver version needed:125.0.6422.141
13:04:13.764 [main] INFO  c.pega.config.util.GetChromeDriver - Required chromedriver version is already available. Not attempting to download any new version
13:04:15.288 [main] INFO  com.pega.drivers.PegaChromeDriver - Chrome Driver launched successfully
13:04:15.361 [main] INFO  com.pega.TestEnvironmentImpl - Driver is initialised::ChromeDriver: chrome on WINDOWS (d9855f66b3387c4ebeb216d1a8379661)
13:04:15.361 [main] INFO  com.pega.Browser - Opening the URL
]]></system-out>
    <system-err><![CDATA[Jun 13, 2024 1:04:13 PM org.openqa.selenium.remote.RemoteWebDriver startSession
WARNING: Support for Legacy Capabilities is deprecated; You are sending the following invalid capabilities: [loggingPrefs, unexpectedAlertBehaviour]; Please update to W3C Syntax: https://www.selenium.dev/blog/2022/legacy-protocol-support/
Starting ChromeDriver 125.0.6422.141 (4b1e83937122185343ba92e909b021f307c719ca-refs/branch-heads/6422@{#1186}) on port 63631
Only local connections are allowed.
Please see https://chromedriver.chromium.org/security-considerations for suggestions on keeping ChromeDriver safe.
ChromeDriver was started successfully.
Jun 13, 2024 1:04:15 PM org.openqa.selenium.remote.ProtocolHandshake createSession
INFO: Detected upstream dialect: W3C
Jun 13, 2024 1:04:15 PM org.openqa.selenium.remote.ProtocolHandshake createSession
WARNING: Support for Legacy Capabilities is deprecated; You are sending the following invalid capabilities: [loggingPrefs, unexpectedAlertBehaviour]; Please update to W3C Syntax: https://www.selenium.dev/blog/2022/legacy-protocol-support/
Jun 13, 2024 1:04:15 PM org.openqa.selenium.devtools.CdpVersionFinder findNearestMatch
WARNING: Unable to find an exact match for CDP version 125, so returning the closest version found: a no-op implementation
Jun 13, 2024 1:04:15 PM org.openqa.selenium.devtools.CdpVersionFinder findNearestMatch
INFO: Unable to find CDP implementation matching 125.
Jun 13, 2024 1:04:15 PM org.openqa.selenium.chromium.ChromiumDriver lambda$new$3
WARNING: Unable to find version of CDP to use for . You may need to include a dependency on a specific version of the CDP using something similar to `org.seleniumhq.selenium:selenium-devtools-v86:4.2.2` where the version ("v86") matches the version of the chromium-based browser you're using and the version number of the artifact is the same as Selenium's.
]]></system-err>
  </testcase>
  <testcase name="runScenario[&quot;Outbound phone call answered with DisputeTransaction&quot;, &quot;Optional[Outbound Phone call test cases]&quot;](5)" classname="RunCukesTest" time="8.495">
    <failure message="unknown error: net::ERR_CONNECTION_RESET&#10;  (Session info: chrome=125.0.6422.142)&#10;Build info: version: &apos;4.2.2&apos;, revision: &apos;683ccb65d6&apos;&#10;System info: host: &apos;HYD-PCI-NOD-T01&apos;, ip: &apos;192.168.56.1&apos;, os.name: &apos;Windows Server 2016&apos;, os.arch: &apos;amd64&apos;, os.version: &apos;10.0&apos;, java.version: &apos;11.0.17&apos;&#10;Driver info: org.openqa.selenium.chrome.ChromeDriver&#10;Command: [2f27b59fcd4899c08efa204b05b6ffde, get {url=https://veishydcnt04163.lab.pega.com/prweb}]&#10;Capabilities {acceptInsecureCerts: false, browserName: chrome, browserVersion: 125.0.6422.142, chrome: {chromedriverVersion: 125.0.6422.141 (4b1e8393712..., userDataDir: C:\Program Files\scoped_dir...}, fedcm:accounts: true, goog:chromeOptions: {debuggerAddress: localhost:63405}, networkConnectionEnabled: false, pageLoadStrategy: normal, platformName: WINDOWS, proxy: Proxy(), se:cdp: ws://localhost:63405/devtoo..., se:cdpVersion: 125.0.6422.142, setWindowRect: true, strictFileInteractability: false, timeouts: {implicit: 0, pageLoad: 300000, script: 30000}, unhandledPromptBehavior: accept, webauthn:extension:credBlob: true, webauthn:extension:largeBlob: true, webauthn:extension:minPinLength: true, webauthn:extension:prf: true, webauthn:virtualAuthenticators: true}&#10;Session ID: 2f27b59fcd4899c08efa204b05b6ffde" type="org.openqa.selenium.WebDriverException"><![CDATA[org.openqa.selenium.WebDriverException: 
unknown error: net::ERR_CONNECTION_RESET
  (Session info: chrome=125.0.6422.142)
Build info: version: '4.2.2', revision: '683ccb65d6'
System info: host: 'HYD-PCI-NOD-T01', ip: '192.168.56.1', os.name: 'Windows Server 2016', os.arch: 'amd64', os.version: '10.0', java.version: '11.0.17'
Driver info: org.openqa.selenium.chrome.ChromeDriver
Command: [2f27b59fcd4899c08efa204b05b6ffde, get {url=https://veishydcnt04163.lab.pega.com/prweb}]
Capabilities {acceptInsecureCerts: false, browserName: chrome, browserVersion: 125.0.6422.142, chrome: {chromedriverVersion: 125.0.6422.141 (4b1e8393712..., userDataDir: C:\Program Files\scoped_dir...}, fedcm:accounts: true, goog:chromeOptions: {debuggerAddress: localhost:63405}, networkConnectionEnabled: false, pageLoadStrategy: normal, platformName: WINDOWS, proxy: Proxy(), se:cdp: ws://localhost:63405/devtoo..., se:cdpVersion: 125.0.6422.142, setWindowRect: true, strictFileInteractability: false, timeouts: {implicit: 0, pageLoad: 300000, script: 30000}, unhandledPromptBehavior: accept, webauthn:extension:credBlob: true, webauthn:extension:largeBlob: true, webauthn:extension:minPinLength: true, webauthn:extension:prf: true, webauthn:virtualAuthenticators: true}
Session ID: 2f27b59fcd4899c08efa204b05b6ffde
	at java.base/jdk.internal.reflect.NativeConstructorAccessorImpl.newInstance0(Native Method)
	at java.base/jdk.internal.reflect.NativeConstructorAccessorImpl.newInstance(NativeConstructorAccessorImpl.java:62)
	at java.base/jdk.internal.reflect.DelegatingConstructorAccessorImpl.newInstance(DelegatingConstructorAccessorImpl.java:45)
	at java.base/java.lang.reflect.Constructor.newInstance(Constructor.java:490)
	at org.openqa.selenium.remote.codec.w3c.W3CHttpResponseCodec.createException(W3CHttpResponseCodec.java:200)
	at org.openqa.selenium.remote.codec.w3c.W3CHttpResponseCodec.decode(W3CHttpResponseCodec.java:133)
	at org.openqa.selenium.remote.codec.w3c.W3CHttpResponseCodec.decode(W3CHttpResponseCodec.java:53)
	at org.openqa.selenium.remote.HttpCommandExecutor.execute(HttpCommandExecutor.java:184)
	at org.openqa.selenium.remote.service.DriverCommandExecutor.invokeExecute(DriverCommandExecutor.java:167)
	at org.openqa.selenium.remote.service.DriverCommandExecutor.execute(DriverCommandExecutor.java:142)
	at org.openqa.selenium.remote.RemoteWebDriver.execute(RemoteWebDriver.java:588)
	at org.openqa.selenium.remote.RemoteWebDriver.get(RemoteWebDriver.java:351)
	at com.pega.BrowserImpl.open(BrowserImpl.java:314)
	at com.pega.BrowserImpl.open(BrowserImpl.java:284)
	at com.pega.CRMBrowser.open(CRMBrowser.java:99)
	at com.pega.config.test.TestBase.configureBrowser(TestBase.java:60)
	at com.pega.CRMTestEnvironment.setUp(CRMTestEnvironment.java:76)
]]></failure>
    <system-out><![CDATA[13:04:21.756 [main] INFO  com.pega.config.SUTConfig - Setting is.pipeline.run property to false
13:04:21.757 [main] INFO  com.pega.config.SUTConfig - Debug mode is: false
13:04:21.757 [main] INFO  com.pega.config.SUTConfig - Attach PRPC logs?false
13:04:21.757 [main] INFO  com.pega.TestEnvironmentImpl - Logger level is set to : INFO
13:04:21.961 [main] INFO  c.pega.config.util.GetChromeDriver - yes chrome.exe exists
13:04:22.091 [main] INFO  c.pega.config.util.GetChromeDriver - current driver version is 125.0.6422.141
13:04:22.093 [main] INFO  c.pega.config.util.GetChromeDriver - current version of chrome 125.0.6422.141
13:04:22.093 [main] INFO  c.pega.config.util.GetChromeDriver - local Chrome version is 125
All SSL Certificates will be accepted...
Checking availability of URL: https://googlechromelabs.github.io/chrome-for-testing/known-good-versions.json
13:04:22.160 [main] INFO  c.pega.config.util.GetChromeDriver - Chrome Version: 125	ChromeDriver version needed:125.0.6422.141
13:04:22.161 [main] INFO  c.pega.config.util.GetChromeDriver - Required chromedriver version is already available. Not attempting to download any new version
13:04:23.725 [main] INFO  com.pega.drivers.PegaChromeDriver - Chrome Driver launched successfully
13:04:23.805 [main] INFO  com.pega.TestEnvironmentImpl - Driver is initialised::ChromeDriver: chrome on WINDOWS (2f27b59fcd4899c08efa204b05b6ffde)
13:04:23.806 [main] INFO  com.pega.Browser - Opening the URL
]]></system-out>
    <system-err><![CDATA[Jun 13, 2024 1:04:22 PM org.openqa.selenium.remote.RemoteWebDriver startSession
WARNING: Support for Legacy Capabilities is deprecated; You are sending the following invalid capabilities: [loggingPrefs, unexpectedAlertBehaviour]; Please update to W3C Syntax: https://www.selenium.dev/blog/2022/legacy-protocol-support/
Starting ChromeDriver 125.0.6422.141 (4b1e83937122185343ba92e909b021f307c719ca-refs/branch-heads/6422@{#1186}) on port 59662
Only local connections are allowed.
Please see https://chromedriver.chromium.org/security-considerations for suggestions on keeping ChromeDriver safe.
ChromeDriver was started successfully.
Jun 13, 2024 1:04:23 PM org.openqa.selenium.remote.ProtocolHandshake createSession
INFO: Detected upstream dialect: W3C
Jun 13, 2024 1:04:23 PM org.openqa.selenium.remote.ProtocolHandshake createSession
WARNING: Support for Legacy Capabilities is deprecated; You are sending the following invalid capabilities: [loggingPrefs, unexpectedAlertBehaviour]; Please update to W3C Syntax: https://www.selenium.dev/blog/2022/legacy-protocol-support/
Jun 13, 2024 1:04:23 PM org.openqa.selenium.devtools.CdpVersionFinder findNearestMatch
WARNING: Unable to find an exact match for CDP version 125, so returning the closest version found: a no-op implementation
Jun 13, 2024 1:04:23 PM org.openqa.selenium.devtools.CdpVersionFinder findNearestMatch
INFO: Unable to find CDP implementation matching 125.
Jun 13, 2024 1:04:23 PM org.openqa.selenium.chromium.ChromiumDriver lambda$new$3
WARNING: Unable to find version of CDP to use for . You may need to include a dependency on a specific version of the CDP using something similar to `org.seleniumhq.selenium:selenium-devtools-v86:4.2.2` where the version ("v86") matches the version of the chromium-based browser you're using and the version number of the artifact is the same as Selenium's.
]]></system-err>
  </testcase>
  <testcase name="runScenario[&quot;Phone Interaction with email search and Schedule Activity&quot;, &quot;Optional[Phone Interaction Test cases]&quot;](6)" classname="RunCukesTest" time="8.446">
    <failure message="unknown error: net::ERR_CONNECTION_RESET&#10;  (Session info: chrome=125.0.6422.142)&#10;Build info: version: &apos;4.2.2&apos;, revision: &apos;683ccb65d6&apos;&#10;System info: host: &apos;HYD-PCI-NOD-T01&apos;, ip: &apos;192.168.56.1&apos;, os.name: &apos;Windows Server 2016&apos;, os.arch: &apos;amd64&apos;, os.version: &apos;10.0&apos;, java.version: &apos;11.0.17&apos;&#10;Driver info: org.openqa.selenium.chrome.ChromeDriver&#10;Command: [1995acb344235b4fc9974eed147a9e09, get {url=https://veishydcnt04163.lab.pega.com/prweb}]&#10;Capabilities {acceptInsecureCerts: false, browserName: chrome, browserVersion: 125.0.6422.142, chrome: {chromedriverVersion: 125.0.6422.141 (4b1e8393712..., userDataDir: C:\Program Files\scoped_dir...}, fedcm:accounts: true, goog:chromeOptions: {debuggerAddress: localhost:63425}, networkConnectionEnabled: false, pageLoadStrategy: normal, platformName: WINDOWS, proxy: Proxy(), se:cdp: ws://localhost:63425/devtoo..., se:cdpVersion: 125.0.6422.142, setWindowRect: true, strictFileInteractability: false, timeouts: {implicit: 0, pageLoad: 300000, script: 30000}, unhandledPromptBehavior: accept, webauthn:extension:credBlob: true, webauthn:extension:largeBlob: true, webauthn:extension:minPinLength: true, webauthn:extension:prf: true, webauthn:virtualAuthenticators: true}&#10;Session ID: 1995acb344235b4fc9974eed147a9e09" type="org.openqa.selenium.WebDriverException"><![CDATA[org.openqa.selenium.WebDriverException: 
unknown error: net::ERR_CONNECTION_RESET
  (Session info: chrome=125.0.6422.142)
Build info: version: '4.2.2', revision: '683ccb65d6'
System info: host: 'HYD-PCI-NOD-T01', ip: '192.168.56.1', os.name: 'Windows Server 2016', os.arch: 'amd64', os.version: '10.0', java.version: '11.0.17'
Driver info: org.openqa.selenium.chrome.ChromeDriver
Command: [1995acb344235b4fc9974eed147a9e09, get {url=https://veishydcnt04163.lab.pega.com/prweb}]
Capabilities {acceptInsecureCerts: false, browserName: chrome, browserVersion: 125.0.6422.142, chrome: {chromedriverVersion: 125.0.6422.141 (4b1e8393712..., userDataDir: C:\Program Files\scoped_dir...}, fedcm:accounts: true, goog:chromeOptions: {debuggerAddress: localhost:63425}, networkConnectionEnabled: false, pageLoadStrategy: normal, platformName: WINDOWS, proxy: Proxy(), se:cdp: ws://localhost:63425/devtoo..., se:cdpVersion: 125.0.6422.142, setWindowRect: true, strictFileInteractability: false, timeouts: {implicit: 0, pageLoad: 300000, script: 30000}, unhandledPromptBehavior: accept, webauthn:extension:credBlob: true, webauthn:extension:largeBlob: true, webauthn:extension:minPinLength: true, webauthn:extension:prf: true, webauthn:virtualAuthenticators: true}
Session ID: 1995acb344235b4fc9974eed147a9e09
	at java.base/jdk.internal.reflect.NativeConstructorAccessorImpl.newInstance0(Native Method)
	at java.base/jdk.internal.reflect.NativeConstructorAccessorImpl.newInstance(NativeConstructorAccessorImpl.java:62)
	at java.base/jdk.internal.reflect.DelegatingConstructorAccessorImpl.newInstance(DelegatingConstructorAccessorImpl.java:45)
	at java.base/java.lang.reflect.Constructor.newInstance(Constructor.java:490)
	at org.openqa.selenium.remote.codec.w3c.W3CHttpResponseCodec.createException(W3CHttpResponseCodec.java:200)
	at org.openqa.selenium.remote.codec.w3c.W3CHttpResponseCodec.decode(W3CHttpResponseCodec.java:133)
	at org.openqa.selenium.remote.codec.w3c.W3CHttpResponseCodec.decode(W3CHttpResponseCodec.java:53)
	at org.openqa.selenium.remote.HttpCommandExecutor.execute(HttpCommandExecutor.java:184)
	at org.openqa.selenium.remote.service.DriverCommandExecutor.invokeExecute(DriverCommandExecutor.java:167)
	at org.openqa.selenium.remote.service.DriverCommandExecutor.execute(DriverCommandExecutor.java:142)
	at org.openqa.selenium.remote.RemoteWebDriver.execute(RemoteWebDriver.java:588)
	at org.openqa.selenium.remote.RemoteWebDriver.get(RemoteWebDriver.java:351)
	at com.pega.BrowserImpl.open(BrowserImpl.java:314)
	at com.pega.BrowserImpl.open(BrowserImpl.java:284)
	at com.pega.CRMBrowser.open(CRMBrowser.java:99)
	at com.pega.config.test.TestBase.configureBrowser(TestBase.java:60)
	at com.pega.CRMTestEnvironment.setUp(CRMTestEnvironment.java:76)
]]></failure>
    <system-out><![CDATA[13:04:30.250 [main] INFO  com.pega.config.SUTConfig - Setting is.pipeline.run property to false
13:04:30.251 [main] INFO  com.pega.config.SUTConfig - Debug mode is: false
13:04:30.251 [main] INFO  com.pega.config.SUTConfig - Attach PRPC logs?false
13:04:30.251 [main] INFO  com.pega.TestEnvironmentImpl - Logger level is set to : INFO
13:04:30.451 [main] INFO  c.pega.config.util.GetChromeDriver - yes chrome.exe exists
13:04:30.580 [main] INFO  c.pega.config.util.GetChromeDriver - current driver version is 125.0.6422.141
13:04:30.582 [main] INFO  c.pega.config.util.GetChromeDriver - current version of chrome 125.0.6422.141
13:04:30.582 [main] INFO  c.pega.config.util.GetChromeDriver - local Chrome version is 125
All SSL Certificates will be accepted...
Checking availability of URL: https://googlechromelabs.github.io/chrome-for-testing/known-good-versions.json
13:04:30.638 [main] INFO  c.pega.config.util.GetChromeDriver - Chrome Version: 125	ChromeDriver version needed:125.0.6422.141
13:04:30.639 [main] INFO  c.pega.config.util.GetChromeDriver - Required chromedriver version is already available. Not attempting to download any new version
13:04:32.197 [main] INFO  com.pega.drivers.PegaChromeDriver - Chrome Driver launched successfully
13:04:32.269 [main] INFO  com.pega.TestEnvironmentImpl - Driver is initialised::ChromeDriver: chrome on WINDOWS (1995acb344235b4fc9974eed147a9e09)
13:04:32.269 [main] INFO  com.pega.Browser - Opening the URL
]]></system-out>
    <system-err><![CDATA[Jun 13, 2024 1:04:30 PM org.openqa.selenium.remote.RemoteWebDriver startSession
WARNING: Support for Legacy Capabilities is deprecated; You are sending the following invalid capabilities: [loggingPrefs, unexpectedAlertBehaviour]; Please update to W3C Syntax: https://www.selenium.dev/blog/2022/legacy-protocol-support/
Starting ChromeDriver 125.0.6422.141 (4b1e83937122185343ba92e909b021f307c719ca-refs/branch-heads/6422@{#1186}) on port 56235
Only local connections are allowed.
Please see https://chromedriver.chromium.org/security-considerations for suggestions on keeping ChromeDriver safe.
ChromeDriver was started successfully.
Jun 13, 2024 1:04:32 PM org.openqa.selenium.remote.ProtocolHandshake createSession
INFO: Detected upstream dialect: W3C
Jun 13, 2024 1:04:32 PM org.openqa.selenium.remote.ProtocolHandshake createSession
WARNING: Support for Legacy Capabilities is deprecated; You are sending the following invalid capabilities: [loggingPrefs, unexpectedAlertBehaviour]; Please update to W3C Syntax: https://www.selenium.dev/blog/2022/legacy-protocol-support/
Jun 13, 2024 1:04:32 PM org.openqa.selenium.devtools.CdpVersionFinder findNearestMatch
WARNING: Unable to find an exact match for CDP version 125, so returning the closest version found: a no-op implementation
Jun 13, 2024 1:04:32 PM org.openqa.selenium.devtools.CdpVersionFinder findNearestMatch
INFO: Unable to find CDP implementation matching 125.
Jun 13, 2024 1:04:32 PM org.openqa.selenium.chromium.ChromiumDriver lambda$new$3
WARNING: Unable to find version of CDP to use for . You may need to include a dependency on a specific version of the CDP using something similar to `org.seleniumhq.selenium:selenium-devtools-v86:4.2.2` where the version ("v86") matches the version of the chromium-based browser you're using and the version number of the artifact is the same as Selenium's.
]]></system-err>
  </testcase>
  <testcase name="runScenario[&quot;Dispute transaction with amount low amount&quot;, &quot;Optional[Service Process Test cases]&quot;](7)" classname="RunCukesTest" time="8.455">
    <failure message="unknown error: net::ERR_CONNECTION_RESET&#10;  (Session info: chrome=125.0.6422.142)&#10;Build info: version: &apos;4.2.2&apos;, revision: &apos;683ccb65d6&apos;&#10;System info: host: &apos;HYD-PCI-NOD-T01&apos;, ip: &apos;192.168.56.1&apos;, os.name: &apos;Windows Server 2016&apos;, os.arch: &apos;amd64&apos;, os.version: &apos;10.0&apos;, java.version: &apos;11.0.17&apos;&#10;Driver info: org.openqa.selenium.chrome.ChromeDriver&#10;Command: [9876be4647cd5422861fc8e10b079c29, get {url=https://veishydcnt04163.lab.pega.com/prweb}]&#10;Capabilities {acceptInsecureCerts: false, browserName: chrome, browserVersion: 125.0.6422.142, chrome: {chromedriverVersion: 125.0.6422.141 (4b1e8393712..., userDataDir: C:\Program Files\scoped_dir...}, fedcm:accounts: true, goog:chromeOptions: {debuggerAddress: localhost:63449}, networkConnectionEnabled: false, pageLoadStrategy: normal, platformName: WINDOWS, proxy: Proxy(), se:cdp: ws://localhost:63449/devtoo..., se:cdpVersion: 125.0.6422.142, setWindowRect: true, strictFileInteractability: false, timeouts: {implicit: 0, pageLoad: 300000, script: 30000}, unhandledPromptBehavior: accept, webauthn:extension:credBlob: true, webauthn:extension:largeBlob: true, webauthn:extension:minPinLength: true, webauthn:extension:prf: true, webauthn:virtualAuthenticators: true}&#10;Session ID: 9876be4647cd5422861fc8e10b079c29" type="org.openqa.selenium.WebDriverException"><![CDATA[org.openqa.selenium.WebDriverException: 
unknown error: net::ERR_CONNECTION_RESET
  (Session info: chrome=125.0.6422.142)
Build info: version: '4.2.2', revision: '683ccb65d6'
System info: host: 'HYD-PCI-NOD-T01', ip: '192.168.56.1', os.name: 'Windows Server 2016', os.arch: 'amd64', os.version: '10.0', java.version: '11.0.17'
Driver info: org.openqa.selenium.chrome.ChromeDriver
Command: [9876be4647cd5422861fc8e10b079c29, get {url=https://veishydcnt04163.lab.pega.com/prweb}]
Capabilities {acceptInsecureCerts: false, browserName: chrome, browserVersion: 125.0.6422.142, chrome: {chromedriverVersion: 125.0.6422.141 (4b1e8393712..., userDataDir: C:\Program Files\scoped_dir...}, fedcm:accounts: true, goog:chromeOptions: {debuggerAddress: localhost:63449}, networkConnectionEnabled: false, pageLoadStrategy: normal, platformName: WINDOWS, proxy: Proxy(), se:cdp: ws://localhost:63449/devtoo..., se:cdpVersion: 125.0.6422.142, setWindowRect: true, strictFileInteractability: false, timeouts: {implicit: 0, pageLoad: 300000, script: 30000}, unhandledPromptBehavior: accept, webauthn:extension:credBlob: true, webauthn:extension:largeBlob: true, webauthn:extension:minPinLength: true, webauthn:extension:prf: true, webauthn:virtualAuthenticators: true}
Session ID: 9876be4647cd5422861fc8e10b079c29
	at java.base/jdk.internal.reflect.NativeConstructorAccessorImpl.newInstance0(Native Method)
	at java.base/jdk.internal.reflect.NativeConstructorAccessorImpl.newInstance(NativeConstructorAccessorImpl.java:62)
	at java.base/jdk.internal.reflect.DelegatingConstructorAccessorImpl.newInstance(DelegatingConstructorAccessorImpl.java:45)
	at java.base/java.lang.reflect.Constructor.newInstance(Constructor.java:490)
	at org.openqa.selenium.remote.codec.w3c.W3CHttpResponseCodec.createException(W3CHttpResponseCodec.java:200)
	at org.openqa.selenium.remote.codec.w3c.W3CHttpResponseCodec.decode(W3CHttpResponseCodec.java:133)
	at org.openqa.selenium.remote.codec.w3c.W3CHttpResponseCodec.decode(W3CHttpResponseCodec.java:53)
	at org.openqa.selenium.remote.HttpCommandExecutor.execute(HttpCommandExecutor.java:184)
	at org.openqa.selenium.remote.service.DriverCommandExecutor.invokeExecute(DriverCommandExecutor.java:167)
	at org.openqa.selenium.remote.service.DriverCommandExecutor.execute(DriverCommandExecutor.java:142)
	at org.openqa.selenium.remote.RemoteWebDriver.execute(RemoteWebDriver.java:588)
	at org.openqa.selenium.remote.RemoteWebDriver.get(RemoteWebDriver.java:351)
	at com.pega.BrowserImpl.open(BrowserImpl.java:314)
	at com.pega.BrowserImpl.open(BrowserImpl.java:284)
	at com.pega.CRMBrowser.open(CRMBrowser.java:99)
	at com.pega.config.test.TestBase.configureBrowser(TestBase.java:60)
	at com.pega.CRMTestEnvironment.setUp(CRMTestEnvironment.java:76)
]]></failure>
    <system-out><![CDATA[13:04:38.694 [main] INFO  com.pega.config.SUTConfig - Setting is.pipeline.run property to false
13:04:38.695 [main] INFO  com.pega.config.SUTConfig - Debug mode is: false
13:04:38.695 [main] INFO  com.pega.config.SUTConfig - Attach PRPC logs?false
13:04:38.695 [main] INFO  com.pega.TestEnvironmentImpl - Logger level is set to : INFO
13:04:38.899 [main] INFO  c.pega.config.util.GetChromeDriver - yes chrome.exe exists
13:04:39.029 [main] INFO  c.pega.config.util.GetChromeDriver - current driver version is 125.0.6422.141
13:04:39.031 [main] INFO  c.pega.config.util.GetChromeDriver - current version of chrome 125.0.6422.141
13:04:39.031 [main] INFO  c.pega.config.util.GetChromeDriver - local Chrome version is 125
All SSL Certificates will be accepted...
Checking availability of URL: https://googlechromelabs.github.io/chrome-for-testing/known-good-versions.json
13:04:39.096 [main] INFO  c.pega.config.util.GetChromeDriver - Chrome Version: 125	ChromeDriver version needed:125.0.6422.141
13:04:39.096 [main] INFO  c.pega.config.util.GetChromeDriver - Required chromedriver version is already available. Not attempting to download any new version
13:04:40.648 [main] INFO  com.pega.drivers.PegaChromeDriver - Chrome Driver launched successfully
13:04:40.749 [main] INFO  com.pega.TestEnvironmentImpl - Driver is initialised::ChromeDriver: chrome on WINDOWS (9876be4647cd5422861fc8e10b079c29)
13:04:40.749 [main] INFO  com.pega.Browser - Opening the URL
]]></system-out>
    <system-err><![CDATA[Jun 13, 2024 1:04:39 PM org.openqa.selenium.remote.RemoteWebDriver startSession
WARNING: Support for Legacy Capabilities is deprecated; You are sending the following invalid capabilities: [loggingPrefs, unexpectedAlertBehaviour]; Please update to W3C Syntax: https://www.selenium.dev/blog/2022/legacy-protocol-support/
Starting ChromeDriver 125.0.6422.141 (4b1e83937122185343ba92e909b021f307c719ca-refs/branch-heads/6422@{#1186}) on port 51191
Only local connections are allowed.
Please see https://chromedriver.chromium.org/security-considerations for suggestions on keeping ChromeDriver safe.
ChromeDriver was started successfully.
Jun 13, 2024 1:04:40 PM org.openqa.selenium.remote.ProtocolHandshake createSession
INFO: Detected upstream dialect: W3C
Jun 13, 2024 1:04:40 PM org.openqa.selenium.remote.ProtocolHandshake createSession
WARNING: Support for Legacy Capabilities is deprecated; You are sending the following invalid capabilities: [loggingPrefs, unexpectedAlertBehaviour]; Please update to W3C Syntax: https://www.selenium.dev/blog/2022/legacy-protocol-support/
Jun 13, 2024 1:04:40 PM org.openqa.selenium.devtools.CdpVersionFinder findNearestMatch
WARNING: Unable to find an exact match for CDP version 125, so returning the closest version found: a no-op implementation
Jun 13, 2024 1:04:40 PM org.openqa.selenium.devtools.CdpVersionFinder findNearestMatch
INFO: Unable to find CDP implementation matching 125.
Jun 13, 2024 1:04:40 PM org.openqa.selenium.chromium.ChromiumDriver lambda$new$3
WARNING: Unable to find version of CDP to use for . You may need to include a dependency on a specific version of the CDP using something similar to `org.seleniumhq.selenium:selenium-devtools-v86:4.2.2` where the version ("v86") matches the version of the chromium-based browser you're using and the version number of the artifact is the same as Selenium's.
]]></system-err>
  </testcase>
</testsuite>