<?xml version="1.0" encoding="UTF-8"?>
<testng-results ignored="0" total="1" passed="1" failed="0" skipped="0">
  <reporter-output>
  </reporter-output>
  <suite started-at="2025-03-03T16:43:54 IST" name="Surefire suite" finished-at="2025-03-03T16:45:51 IST" duration-ms="117119">
    <groups>
      <group name="cucumber">
        <method signature="AbstractTestNGCucumberTests.runScenario(io.cucumber.testng.PickleWrapper, io.cucumber.testng.FeatureWrapper)[pri:0, instance:RunCukesTest@57af006c]" name="runScenario" class="io.cucumber.testng.AbstractTestNGCucumberTests"/>
      </group> <!-- cucumber -->
    </groups>
    <test started-at="2025-03-03T16:43:54 IST" name="Surefire test" finished-at="2025-03-03T16:45:51 IST" duration-ms="117119">
      <class name="RunCukesTest">
        <test-method is-config="true" signature="setUpClass(org.testng.ITestContext)[pri:0, instance:RunCukesTest@57af006c]" started-at="2025-03-03T16:43:54 IST" name="setUpClass" finished-at="2025-03-03T16:43:56 IST" duration-ms="1499" status="PASS">
          <params>
            <param index="0">
              <value>
                <![CDATA[org.testng.TestRunner@2c227f74]]>
              </value>
            </param>
          </params>
          <reporter-output>
          </reporter-output>
        </test-method> <!-- setUpClass -->
        <test-method signature="runScenario(io.cucumber.testng.PickleWrapper, io.cucumber.testng.FeatureWrapper)[pri:0, instance:RunCukesTest@57af006c]" started-at="2025-03-03T16:43:56 IST" name="runScenario" description="Runs Cucumber Scenarios" data-provider="scenarios" finished-at="2025-03-03T16:45:51 IST" duration-ms="115479" status="PASS">
          <params>
            <param index="0">
              <value>
                <![CDATA["Verify Employee Benefits case creation"]]>
              </value>
            </param>
            <param index="1">
              <value>
                <![CDATA["Optional[New Employee Benfits Case creation]"]]>
              </value>
            </param>
          </params>
          <reporter-output>
          </reporter-output>
        </test-method> <!-- runScenario -->
        <test-method is-config="true" signature="tearDownClass()[pri:0, instance:RunCukesTest@57af006c]" started-at="2025-03-03T16:45:51 IST" name="tearDownClass" finished-at="2025-03-03T16:45:51 IST" duration-ms="86" status="PASS">
          <reporter-output>
          </reporter-output>
        </test-method> <!-- tearDownClass -->
      </class> <!-- RunCukesTest -->
    </test> <!-- Surefire test -->
  </suite> <!-- Surefire suite -->
</testng-results>
