<?xml version="1.0" encoding="UTF-8"?>
<testsuite xmlns:xsi="http://www.w3.org/2001/XMLSchema-instance" xsi:noNamespaceSchemaLocation="https://maven.apache.org/surefire/maven-surefire-plugin/xsd/surefire-test-report-3.0.xsd" version="3.0" name="TestSuite" time="117.54" tests="1" errors="0" skipped="0" failures="0">
  <properties>
[...]
</properties>
  <testcase name="runScenario[&quot;Verify Employee Benefits case creation&quot;, &quot;Optional[New Employee Benfits Case creation]&quot;](1)" classname="RunCukesTest" time="115.478">
    <system-out><![CDATA[16:43:56.723 [main] INFO  com.pega.config.SUTConfig - Setting is.pipeline.run property to false
16:43:56.738 [main] INFO  com.pega.config.SUTConfig - Debug mode is: false
16:43:56.738 [main] INFO  com.pega.config.SUTConfig - Attach PRPC logs?false
16:43:56.739 [main] INFO  com.pega.TestEnvironmentImpl - Logger level is set to : INFO
16:43:59.426 [main] INFO  com.pega.drivers.PegaChromeDriver - Chrome Driver launched successfully
16:43:59.643 [main] INFO  com.pega.TestEnvironmentImpl - Driver is initialised::ChromeDriver: chrome on WINDOWS (109e1c9a3e414deb668c6b0351eddb28)
16:43:59.644 [main] INFO  com.pega.Browser - Opening the URL
16:43:59.891 [main] INFO  com.pega.Browser - Opening the URL
16:43:59.983 [main] INFO  com.pega.Browser - Logging in the user
16:43:59.984 [main] INFO  com.pega.framework.PegaWebDriver - element identification by logic:By.id: txtUserID
16:44:00.089 [main] INFO  com.pega.framework.PegaWebDriver - element identification by logic:By.id: txtPassword
16:44:00.384 [main] INFO  com.pega.framework.PegaWebDriver - element identification by logic:By.name: pyActivity=Code-Security.Login
16:44:32.187 [main] INFO  com.pega.sync.WaitForDocStateReady - !!! Document state div was never identified...are you sure your system is doc state aware?
16:45:02.315 [main] INFO  com.pega.sync.WaitForDocStateReady - !!! Document state div was never identified...are you sure your system is doc state aware?
16:45:02.373 [main] INFO  com.pega.Browser - is the login via application specific URL? : false
16:45:02.384 [main] INFO  com.pega.Browser - +-+-+-+-+-+-+-+-+-+-+-+-+-+-+-+-+-+-+-+-+-+-+-+-+-+-+-+-+--+-+
16:45:02.384 [main] INFO  com.pega.Browser - isCosmos : false
16:45:02.384 [main] INFO  com.pega.Browser - isConstellation : true
16:45:02.385 [main] INFO  com.pega.Browser - +-+-+-+-+-+-+-+-+-+-+-+-+-+-+-+-+-+-+-+-+-+-+-+-+-+-+-+-+--+-+
16:45:02.431 [main] INFO  com.pega.framework.PegaWebDriver - element identification by logic:By.xpath: (//button[@type='button'])[5]
16:45:03.638 [main] INFO  com.pega.sync.Throbber - Throbbing never started
16:45:03.659 [main] INFO  com.pega.framework.PegaWebDriver - element identification by logic:By.xpath: //*[text()='Individual Employee Benefits']
16:45:04.838 [main] INFO  com.pega.sync.Throbber - Throbbing never started
TEST data: ABC Inc.
16:45:05.432 [main] INFO  com.pega.framework.PegaWebDriver - element identification by logic:By.xpath: //*[@data-testid='Company Name:input:control']
16:45:05.755 [main] INFO  com.pega.framework.PegaWebDriver - element identification by logic:By.xpath: //*[@data-testid='Point of Contact Email:input:control']
16:45:05.874 [main] INFO  com.pega.framework.PegaWebDriver - element identification by logic:By.xpath: //label[contains(@for, 'ManualAddressOrGMAP.Manual')]
16:45:07.112 [main] INFO  com.pega.sync.Throbber - Throbbing never started
16:45:07.676 [main] INFO  com.pega.framework.PegaWebDriver - element identification by logic:By.xpath: //*[@data-testid='Country:combo-box:control']
16:45:07.740 [main] INFO  com.pega.framework.PegaWebDriver - element identification by logic:By.xpath: //*[@data-testid='Country:combo-box:control']
16:45:07.892 [main] INFO  com.pega.framework.PegaWebDriver - element identification by logic:By.xpath: //*[@data-testid='Country:combo-box:control']
16:45:08.255 [main] INFO  com.pega.framework.PegaWebDriver - element identification by logic:By.xpath: //*[@data-testid='Address Line 1:input:control']
16:45:09.468 [main] INFO  com.pega.sync.Throbber - Throbbing never started
16:45:09.494 [main] INFO  com.pega.framework.PegaWebDriver - element identification by logic:By.xpath: //*[@data-testid='Address Line 1:input:control']
16:45:09.609 [main] INFO  com.pega.framework.PegaWebDriver - element identification by logic:By.xpath: //*[@data-testid='City / Town:input:control']
16:45:10.787 [main] INFO  com.pega.sync.Throbber - Throbbing never started
16:45:10.809 [main] INFO  com.pega.framework.PegaWebDriver - element identification by logic:By.xpath: //*[@data-testid='City / Town:input:control']
16:45:11.086 [main] INFO  com.pega.framework.PegaWebDriver - element identification by logic:By.xpath: //*[@data-testid='Postal Code:input:control']
16:45:11.191 [main] INFO  com.pega.framework.PegaWebDriver - element identification by logic:By.xpath: //*[@data-testid='Number of Insured Persons:number-input:control']
16:45:11.327 [main] INFO  com.pega.framework.PegaWebDriver - element identification by logic:By.xpath: //button[@name='next']
16:45:12.657 [main] INFO  com.pega.sync.Throbber - Throbbing never started
16:45:12.680 [main] INFO  com.pega.framework.PegaWebDriver - element identification by logic:By.xpath: //*[@data-testid='Agent Key:input:control']
16:45:12.751 [main] INFO  com.pega.framework.PegaWebDriver - element identification by logic:By.xpath: //button[@name='next']
16:45:13.938 [main] INFO  com.pega.sync.Throbber - Throbbing never started
16:45:13.960 [main] INFO  com.pega.framework.PegaWebDriver - element identification by logic:By.xpath: //*[@data-testid='Coverage:number-input:control']
16:45:14.387 [main] INFO  com.pega.framework.PegaWebDriver - element identification by logic:By.xpath: //*[@data-testid='Deductible:number-input:control']
16:45:14.499 [main] INFO  com.pega.framework.PegaWebDriver - element identification by logic:By.xpath: //*[@data-testid='National Coinsurance:number-input:control']
16:45:14.846 [main] INFO  com.pega.framework.PegaWebDriver - element identification by logic:By.xpath: //*[@data-testid='Insured Holders:number-input:control']
16:45:14.948 [main] INFO  com.pega.framework.PegaWebDriver - element identification by logic:By.xpath: //*[@data-testid='Total Insured:number-input:control']
16:45:15.466 [main] INFO  com.pega.framework.PegaWebDriver - element identification by logic:By.xpath: (//label[text()='Include RDH']//child::div)[1]
16:45:16.648 [main] INFO  com.pega.sync.Throbber - Throbbing never started
16:45:16.670 [main] INFO  com.pega.framework.PegaWebDriver - element identification by logic:By.xpath: (//label[text()='Include Dental and Vision Coverages']//child::div)[1]
16:45:17.858 [main] INFO  com.pega.sync.Throbber - Throbbing never started
16:45:17.881 [main] INFO  com.pega.framework.PegaWebDriver - element identification by logic:By.xpath: (//label[text()='GMM Excesses']//child::div)[1]
16:45:19.069 [main] INFO  com.pega.sync.Throbber - Throbbing never started
16:45:19.091 [main] INFO  com.pega.framework.PegaWebDriver - element identification by logic:By.xpath: (//label[text()='GMM Protections']//child::div)[1]
16:45:20.265 [main] INFO  com.pega.sync.Throbber - Throbbing never started
16:45:20.285 [main] INFO  com.pega.framework.PegaWebDriver - element identification by logic:By.xpath: (//label[text()='GMM Optional']//child::div)[1]
16:45:21.453 [main] INFO  com.pega.sync.Throbber - Throbbing never started
16:45:21.473 [main] INFO  com.pega.framework.PegaWebDriver - element identification by logic:By.xpath: (//label[text()='Include Coinsurance Rule']//child::div)[1]
16:45:22.693 [main] INFO  com.pega.sync.Throbber - Throbbing never started
16:45:22.712 [main] INFO  com.pega.framework.PegaWebDriver - element identification by logic:By.xpath: (//label[text()='Include Accupuncture']//child::div)[1]
16:45:23.895 [main] INFO  com.pega.sync.Throbber - Throbbing never started
16:45:23.913 [main] INFO  com.pega.framework.PegaWebDriver - element identification by logic:By.xpath: (//label[text()='Include Vision Correction']//child::div)[1]
16:45:25.086 [main] INFO  com.pega.sync.Throbber - Throbbing never started
16:45:25.106 [main] INFO  com.pega.framework.PegaWebDriver - element identification by logic:By.xpath: //button[@name='next']
16:45:26.301 [main] INFO  com.pega.sync.Throbber - Throbbing never started
16:45:27.158 [main] INFO  com.pega.framework.PegaWebDriver - element identification by logic:By.xpath: //button[@name='next']
16:45:28.328 [main] INFO  com.pega.sync.Throbber - Throbbing never started
16:45:28.347 [main] INFO  com.pega.framework.PegaWebDriver - element identification by logic:By.xpath: //button[@name='Ignore']
16:45:28.959 [main] INFO  com.pega.framework.PegaWebDriver - element identification by logic:By.xpath: //button[@name='Ignore']
16:45:30.158 [main] INFO  com.pega.sync.Throbber - Throbbing never started
16:45:30.180 [main] INFO  com.pega.framework.PegaWebDriver - element identification by logic:By.xpath: //div//*[contains(text(),'SLIP File')]//following::div[1]//input
16:45:30.786 [main] INFO  com.pega.framework.PegaWebDriver - element identification by logic:By.xpath: //div//*[contains(text(),'Employee Listing')]//following::div[1]//input
16:45:40.869 [main] INFO  com.pega.framework.PegaWebDriver - element identification by logic:By.xpath: //button[@name='next']
16:45:42.033 [main] INFO  com.pega.sync.Throbber - Throbbing never started
16:45:42.061 [main] INFO  com.pega.framework.PegaWebDriver - element identification by logic:By.xpath: (//dd[@data-testid='Include RDH:field-value-item:value']//child::span)[1]
16:45:42.126 [main] INFO  com.pega.framework.PegaWebDriver - element identification by logic:By.xpath: //button[@name='submit']
16:45:43.312 [main] INFO  com.pega.sync.Throbber - Throbbing never started
16:45:43.339 [main] INFO  com.pega.framework.PegaWebDriver - element identification by logic:By.xpath: //*[text()='Work Status']//following-sibling::dd
Status Text==>DOCUMENT-RECEIVED
16:45:43.401 [main] INFO  com.pega.framework.PegaWebDriver - element identification by logic:By.xpath: //*[text()='Individual Employee Benefits']//following-sibling::p
Verify Case Detail Step: CaseID==>I-4014
16:45:43.463 [main] INFO  com.pega.framework.PegaWebDriver - element identification by logic:By.xpath: //button[.//div[contains(text(), 'u') or contains(text(), 'u@')]]
16:45:44.631 [main] INFO  com.pega.sync.Throbber - Throbbing never started
16:45:44.653 [main] INFO  com.pega.framework.PegaWebDriver - element identification by logic:By.xpath: //*[contains(text(),'Log off')]
16:45:45.816 [main] INFO  com.pega.sync.Throbber - Throbbing never started
]]></system-out>
    <system-err><![CDATA[Mar 03, 2025 4:43:55 PM io.cucumber.guice.InjectorSourceFactory loadInjectorSourceFromProperties
WARNING: The 'guice.injector-source' property has been deprecated.Add a class implementing 'io.cucumber.guice.InjectorSource' on the glue path instead
Mar 03, 2025 4:43:57 PM org.openqa.selenium.remote.RemoteWebDriver startSession
WARNING: Support for Legacy Capabilities is deprecated; You are sending the following invalid capabilities: [loggingPrefs, unexpectedAlertBehaviour]; Please update to W3C Syntax: https://www.selenium.dev/blog/2022/legacy-protocol-support/
Starting ChromeDriver 133.0.6943.126 (cffa127ce7b6be72885391527c15b452056a2e81-refs/branch-heads/6943@{#1570}) on port 60563
Only local connections are allowed.
Please see https://chromedriver.chromium.org/security-considerations for suggestions on keeping ChromeDriver safe.
ChromeDriver was started successfully on port 60563.
Mar 03, 2025 4:43:59 PM org.openqa.selenium.remote.ProtocolHandshake createSession
INFO: Detected upstream dialect: W3C
Mar 03, 2025 4:43:59 PM org.openqa.selenium.remote.ProtocolHandshake createSession
WARNING: Support for Legacy Capabilities is deprecated; You are sending the following invalid capabilities: [loggingPrefs, unexpectedAlertBehaviour]; Please update to W3C Syntax: https://www.selenium.dev/blog/2022/legacy-protocol-support/
Mar 03, 2025 4:43:59 PM org.openqa.selenium.devtools.CdpVersionFinder findNearestMatch
WARNING: Unable to find an exact match for CDP version 133, so returning the closest version found: a no-op implementation
Mar 03, 2025 4:43:59 PM org.openqa.selenium.devtools.CdpVersionFinder findNearestMatch
INFO: Unable to find CDP implementation matching 133.
Mar 03, 2025 4:43:59 PM org.openqa.selenium.chromium.ChromiumDriver lambda$new$3
WARNING: Unable to find version of CDP to use for . You may need to include a dependency on a specific version of the CDP using something similar to `org.seleniumhq.selenium:selenium-devtools-v86:4.2.2` where the version ("v86") matches the version of the chromium-based browser you're using and the version number of the artifact is the same as Selenium's.
ERROR StatusLogger Log4j2 could not find a logging implementation. Please add log4j-core to the classpath. Using SimpleLogger to log to the console...
]]></system-err>
  </testcase>
</testsuite>