<?xml version="1.0" encoding="UTF-8"?>
<testsuite xmlns:xsi="http://www.w3.org/2001/XMLSchema-instance" xsi:noNamespaceSchemaLocation="https://maven.apache.org/surefire/maven-surefire-plugin/xsd/surefire-test-report-3.0.xsd" version="3.0" name="TestSuite" time="118.886" tests="1" errors="0" skipped="0" failures="0">
  <properties>
[...]
</properties>
  <testcase name="runScenario[&quot;Verify Employee Benefits case creation&quot;, &quot;Optional[New Employee Benfits Case creation]&quot;](1)" classname="RunCukesTest" time="116.345">
    <system-out><![CDATA[19:19:46.415 [main] INFO  com.pega.config.SUTConfig - Setting is.pipeline.run property to false
19:19:46.436 [main] INFO  com.pega.config.SUTConfig - Debug mode is: false
19:19:46.437 [main] INFO  com.pega.config.SUTConfig - Attach PRPC logs?false
19:19:46.437 [main] INFO  com.pega.TestEnvironmentImpl - Logger level is set to : INFO
19:19:49.135 [main] INFO  com.pega.drivers.PegaChromeDriver - Chrome Driver launched successfully
19:19:49.289 [main] INFO  com.pega.TestEnvironmentImpl - Driver is initialised::ChromeDriver: chrome on WINDOWS (6dee274d5328c91e995cb61a82c69506)
19:19:49.290 [main] INFO  com.pega.Browser - Opening the URL
19:19:51.087 [main] INFO  com.pega.config.SUTConfig - Setting is.pipeline.run property to false
19:19:51.087 [main] INFO  com.pega.config.SUTConfig - Debug mode is: false
19:19:51.087 [main] INFO  com.pega.config.SUTConfig - Attach PRPC logs?false
19:19:51.088 [main] INFO  com.pega.TestEnvironmentImpl - Logger level is set to : INFO
19:19:52.710 [main] INFO  com.pega.drivers.PegaChromeDriver - Chrome Driver launched successfully
19:19:52.791 [main] INFO  com.pega.TestEnvironmentImpl - Driver is initialised::ChromeDriver: chrome on WINDOWS (7647bd7913ceea318cccfe0025773ea7)
19:19:52.791 [main] INFO  com.pega.Browser - Opening the URL
19:19:54.576 [main] INFO  com.pega.Browser - Opening the URL
19:19:55.265 [main] INFO  com.pega.Browser - Logging in the user
19:19:55.266 [main] INFO  com.pega.framework.PegaWebDriver - element identification by logic:By.id: txtUserID
19:19:55.357 [main] INFO  com.pega.framework.PegaWebDriver - element identification by logic:By.id: txtPassword
19:19:55.587 [main] INFO  com.pega.framework.PegaWebDriver - element identification by logic:By.name: pyActivity=Code-Security.Login
19:20:27.645 [main] INFO  com.pega.sync.WaitForDocStateReady - !!! Document state div was never identified...are you sure your system is doc state aware?
19:20:57.732 [main] INFO  com.pega.sync.WaitForDocStateReady - !!! Document state div was never identified...are you sure your system is doc state aware?
19:20:57.784 [main] INFO  com.pega.Browser - is the login via application specific URL? : false
19:20:57.794 [main] INFO  com.pega.Browser - +-+-+-+-+-+-+-+-+-+-+-+-+-+-+-+-+-+-+-+-+-+-+-+-+-+-+-+-+--+-+
19:20:57.794 [main] INFO  com.pega.Browser - isCosmos : false
19:20:57.795 [main] INFO  com.pega.Browser - isConstellation : true
19:20:57.795 [main] INFO  com.pega.Browser - +-+-+-+-+-+-+-+-+-+-+-+-+-+-+-+-+-+-+-+-+-+-+-+-+-+-+-+-+--+-+
19:20:57.799 [main] INFO  com.pega.framework.PegaWebDriver - element identification by logic:By.xpath: (//button[@type='button'])[6]
19:20:58.985 [main] INFO  com.pega.sync.Throbber - Throbbing never started
19:20:59.003 [main] INFO  com.pega.framework.PegaWebDriver - element identification by logic:By.xpath: //*[@data-testid=':summary-item:primary' and normalize-space()='Individual Employee Benefits']
19:21:00.155 [main] INFO  com.pega.sync.Throbber - Throbbing never started
19:21:00.179 [main] INFO  com.pega.framework.PegaWebDriver - element identification by logic:By.xpath: //*[@data-testid='Company Name:input:control']
19:21:00.481 [main] INFO  com.pega.framework.PegaWebDriver - element identification by logic:By.xpath: //*[@data-testid='Point of Contact Email:input:control']
19:21:00.606 [main] INFO  com.pega.framework.PegaWebDriver - element identification by logic:By.xpath: //label[contains(@for, 'ManualAddressOrGMAP.Manual')]
19:21:01.800 [main] INFO  com.pega.sync.Throbber - Throbbing never started
19:21:01.858 [main] INFO  com.pega.framework.PegaWebDriver - element identification by logic:By.xpath: //*[@data-testid='Country:combo-box:control']
19:21:01.914 [main] INFO  com.pega.framework.PegaWebDriver - element identification by logic:By.xpath: //*[@data-testid='Country:combo-box:control']
19:21:02.064 [main] INFO  com.pega.framework.PegaWebDriver - element identification by logic:By.xpath: //*[@data-testid='Country:combo-box:control']
19:21:02.325 [main] INFO  com.pega.framework.PegaWebDriver - element identification by logic:By.xpath: //*[@data-testid='Address Line 1:input:control']
19:21:03.507 [main] INFO  com.pega.sync.Throbber - Throbbing never started
19:21:03.526 [main] INFO  com.pega.framework.PegaWebDriver - element identification by logic:By.xpath: //*[@data-testid='Address Line 1:input:control']
19:21:03.639 [main] INFO  com.pega.framework.PegaWebDriver - element identification by logic:By.xpath: //*[@data-testid='City / Town:input:control']
19:21:04.790 [main] INFO  com.pega.sync.Throbber - Throbbing never started
19:21:04.809 [main] INFO  com.pega.framework.PegaWebDriver - element identification by logic:By.xpath: //*[@data-testid='City / Town:input:control']
19:21:05.013 [main] INFO  com.pega.framework.PegaWebDriver - element identification by logic:By.xpath: //*[@data-testid='Postal Code:input:control']
19:21:05.119 [main] INFO  com.pega.framework.PegaWebDriver - element identification by logic:By.xpath: //*[@data-testid='Number of Insured Persons:number-input:control']
19:21:05.250 [main] INFO  com.pega.framework.PegaWebDriver - element identification by logic:By.xpath: //button[@name='next']
19:21:06.423 [main] INFO  com.pega.sync.Throbber - Throbbing never started
19:21:06.444 [main] INFO  com.pega.framework.PegaWebDriver - element identification by logic:By.xpath: //*[@data-testid='Agent Key:input:control']
19:21:06.501 [main] INFO  com.pega.framework.PegaWebDriver - element identification by logic:By.xpath: //button[@name='next']
19:21:07.690 [main] INFO  com.pega.sync.Throbber - Throbbing never started
19:21:07.709 [main] INFO  com.pega.framework.PegaWebDriver - element identification by logic:By.xpath: //*[@data-testid='Coverage:number-input:control']
19:21:08.130 [main] INFO  com.pega.framework.PegaWebDriver - element identification by logic:By.xpath: //*[@data-testid='Deductible:number-input:control']
19:21:08.232 [main] INFO  com.pega.framework.PegaWebDriver - element identification by logic:By.xpath: //*[@data-testid='National Coinsurance:number-input:control']
19:21:08.535 [main] INFO  com.pega.framework.PegaWebDriver - element identification by logic:By.xpath: //*[@data-testid='Insured Holders:number-input:control']
19:21:08.646 [main] INFO  com.pega.framework.PegaWebDriver - element identification by logic:By.xpath: //*[@data-testid='Total Insured:number-input:control']
19:21:09.120 [main] INFO  com.pega.framework.PegaWebDriver - element identification by logic:By.xpath: (//label[text()='Include RDH']//child::div)[1]
19:21:10.266 [main] INFO  com.pega.sync.Throbber - Throbbing never started
19:21:10.285 [main] INFO  com.pega.framework.PegaWebDriver - element identification by logic:By.xpath: (//label[text()='Include Dental and Vision Coverages']//child::div)[1]
19:21:11.422 [main] INFO  com.pega.sync.Throbber - Throbbing never started
19:21:11.442 [main] INFO  com.pega.framework.PegaWebDriver - element identification by logic:By.xpath: //button[@name='next']
19:21:12.576 [main] INFO  com.pega.sync.Throbber - Throbbing never started
19:21:13.397 [main] INFO  com.pega.framework.PegaWebDriver - element identification by logic:By.xpath: //button[@name='next']
19:21:14.530 [main] INFO  com.pega.sync.Throbber - Throbbing never started
19:21:14.640 [main] INFO  com.pega.framework.PegaWebDriver - element identification by logic:By.xpath: //button[@name='Ignore']
19:21:14.707 [main] INFO  com.pega.framework.PegaWebDriver - element identification by logic:By.xpath: //button[@name='Ignore']
19:21:15.854 [main] INFO  com.pega.sync.Throbber - Throbbing never started
19:21:15.873 [main] INFO  com.pega.framework.PegaWebDriver - element identification by logic:By.xpath: //div//*[contains(text(),'SLIP File')]//following::div[1]//input
19:21:15.958 [main] INFO  com.pega.framework.PegaWebDriver - element identification by logic:By.xpath: //div//*[contains(text(),'Employee Listing')]//following::div[1]//input
19:21:26.032 [main] INFO  com.pega.framework.PegaWebDriver - element identification by logic:By.xpath: //button[@name='next']
19:21:27.181 [main] INFO  com.pega.sync.Throbber - Throbbing never started
19:21:27.212 [main] INFO  com.pega.framework.PegaWebDriver - element identification by logic:By.xpath: (//dd[@data-testid='Include RDH:field-value-item:value']//child::span)[1]
19:21:27.272 [main] INFO  com.pega.framework.PegaWebDriver - element identification by logic:By.xpath: //button[@name='submit']
19:21:28.451 [main] INFO  com.pega.sync.Throbber - Throbbing never started
19:21:28.474 [main] INFO  com.pega.framework.PegaWebDriver - element identification by logic:By.xpath: //*[text()='Work Status']//following-sibling::dd
Status Text==>DOCUMENT-RECEIVED
19:21:28.523 [main] INFO  com.pega.framework.PegaWebDriver - element identification by logic:By.xpath: //*[text()='Individual Employee Benefits']//following-sibling::p
Verify Case Detail Step: CaseID==>I-7014
19:21:28.578 [main] INFO  com.pega.framework.PegaWebDriver - element identification by logic:By.xpath: //*[contains(text(),'U@')]
19:21:29.709 [main] INFO  com.pega.sync.Throbber - Throbbing never started
19:21:29.727 [main] INFO  com.pega.framework.PegaWebDriver - element identification by logic:By.xpath: //*[contains(text(),'Log off')]
19:21:31.586 [main] INFO  com.pega.sync.Throbber - Throbbing never started
19:21:31.613 [main] INFO  com.pega.Browser - FINE https://lab-00958-bos.lab.pega.com/prweb/app/default/beEBp4uRVTogorRwSwWqbOtn9IL2fwdI*/!STANDARD - [DOM] Multiple forms should be contained in their own form elements; break up complex forms into ones that represent a single action: (More info: https://goo.gl/9p2vKq) %o
19:21:31.613 [main] INFO  com.pega.Browser - FINE https://lab-00958-bos.lab.pega.com/prweb/app/default/beEBp4uRVTogorRwSwWqbOtn9IL2fwdI*/!STANDARD - [DOM] Multiple forms should be contained in their own form elements; break up complex forms into ones that represent a single action: (More info: https://goo.gl/9p2vKq) %o
19:21:31.613 [main] INFO  com.pega.Browser - INFO https://prod-cdn.constellation.pega.io/8.23.2-464/react/prod/prerequisite/constellation-core.8a058169.js 1:127107 "asset-loader.initServer(https://prod-cdn.constellation.pega.io/8.23.2-464/react/prod/, no-appstatic)"
19:21:31.613 [main] INFO  com.pega.Browser - INFO https://prod-cdn.constellation.pega.io/8.23.2-464/react/prod/prerequisite/constellation-core.8a058169.js 1:127647 "asset-loader.initServer() staticServerURL=https://prod-cdn.constellation.pega.io/8.23.2-464/react/prod/, appStaticUrl=https://prod-cdn.constellation.pega.io/8.23.2-464/react/prod/, pegaOnlyUrl=true)"
19:21:31.614 [main] INFO  com.pega.Browser - INFO https://prod-cdn.constellation.pega.io/8.23.2-464/react/prod/prerequisite/constellation-core.8a058169.js 1:127107 "asset-loader.initServer(https://prod-cdn.constellation.pega.io/8.23.2-464/react/prod/, https://prod.constellation.pega.io/c11n-appstatic/8.23.2-464/)"
19:21:31.614 [main] INFO  com.pega.Browser - INFO https://prod-cdn.constellation.pega.io/8.23.2-464/react/prod/prerequisite/constellation-core.8a058169.js 1:127647 "asset-loader.initServer() staticServerURL=https://prod-cdn.constellation.pega.io/8.23.2-464/react/prod/, appStaticUrl=https://prod.constellation.pega.io/c11n-appstatic/8.23.2-464/, pegaOnlyUrl=true)"
19:21:31.614 [main] INFO  com.pega.Browser - INFO https://prod-cdn.constellation.pega.io/8.23.2-464/react/prod/prerequisite/constellation-core.8a058169.js 1:279472 "MS : 1719409799038"
19:21:31.614 [main] INFO  com.pega.Browser - FINE https://lab-00958-bos.lab.pega.com/prweb/app/employee-benefits/beEBp4uRVTogorRwSwWqbOtn9IL2fwdI*/!STANDARD?pzuiactionrrr=CXtpbn1sS2dwQWpJM2ZNOEdha296cjlISmtQcDZad2pnS1h0c21HRHpmUmVmSVRMSlYyR3hWcjBqV1JmUFFoV3BQbWU5dHFkT3JKS1dDb0RZanhmVSt3M0ZQQT09* - [DOM] Input elements should have autocomplete attributes (suggested: "current-password"): (More info: https://goo.gl/9p2vKq) %o
19:21:31.614 [main] INFO  com.pega.Browser - WARNING https://lab-00958-bos.lab.pega.com/prweb/app/employee-benefits/beEBp4uRVTogorRwSwWqbOtn9IL2fwdI*/!STANDARD?pzuiactionrrr=CXtpbn1sS2dwQWpJM2ZNOEdha296cjlISmtQcDZad2pnS1h0c21HRHpmUmVmSVRMSlYyR3hWcjBqV1JmUFFoV3BQbWU5dHFkT3JKS1dDb0RZanhmVSt3M0ZQQT09* - Failed to decode downloaded font: https://lab-00958-bos.lab.pega.com/prweb/PRRestService/oauth2/v1/webwb/webwb/pxfont-OpenSans-Bold.woff2
19:21:31.614 [main] INFO  com.pega.Browser - WARNING https://lab-00958-bos.lab.pega.com/prweb/app/employee-benefits/beEBp4uRVTogorRwSwWqbOtn9IL2fwdI*/!STANDARD?pzuiactionrrr=CXtpbn1sS2dwQWpJM2ZNOEdha296cjlISmtQcDZad2pnS1h0c21HRHpmUmVmSVRMSlYyR3hWcjBqV1JmUFFoV3BQbWU5dHFkT3JKS1dDb0RZanhmVSt3M0ZQQT09* - Failed to decode downloaded font: https://lab-00958-bos.lab.pega.com/prweb/PRRestService/oauth2/v1/webwb/webwb/pxfont-OpenSans-Regular.woff2
19:21:31.614 [main] INFO  com.pega.Browser - WARNING https://lab-00958-bos.lab.pega.com/prweb/app/employee-benefits/beEBp4uRVTogorRwSwWqbOtn9IL2fwdI*/!STANDARD?pzuiactionrrr=CXtpbn1sS2dwQWpJM2ZNOEdha296cjlISmtQcDZad2pnS1h0c21HRHpmUmVmSVRMSlYyR3hWcjBqV1JmUFFoV3BQbWU5dHFkT3JKS1dDb0RZanhmVSt3M0ZQQT09* - Failed to decode downloaded font: https://lab-00958-bos.lab.pega.com/prweb/PRRestService/oauth2/v1/webwb/webwb/pxfont-OpenSans-Bold.woff
19:21:31.615 [main] INFO  com.pega.Browser - WARNING https://lab-00958-bos.lab.pega.com/prweb/app/employee-benefits/beEBp4uRVTogorRwSwWqbOtn9IL2fwdI*/!STANDARD?pzuiactionrrr=CXtpbn1sS2dwQWpJM2ZNOEdha296cjlISmtQcDZad2pnS1h0c21HRHpmUmVmSVRMSlYyR3hWcjBqV1JmUFFoV3BQbWU5dHFkT3JKS1dDb0RZanhmVSt3M0ZQQT09* - Failed to decode downloaded font: https://lab-00958-bos.lab.pega.com/prweb/PRRestService/oauth2/v1/webwb/webwb/pxfont-OpenSans-Regular.woff
19:21:31.615 [main] INFO  com.pega.Browser - *****printing only Browser console errors*****

19:21:31.615 [main] INFO  com.pega.Browser - ****END OF BROWSER CONSOLE LOGS*****
19:21:34.628 [main] INFO  com.pega.Browser - Switching successful to window no: 1
19:21:34.628 [main] INFO  com.pega.Browser - Performing Log off operation
19:21:36.362 [main] INFO  com.pega.config.test.TestBase - Browser terminated...
]]></system-out>
    <system-err><![CDATA[Jun 26, 2024 7:19:44 PM io.cucumber.guice.InjectorSourceFactory loadInjectorSourceFromProperties
WARNING: The 'guice.injector-source' property has been deprecated.Add a class implementing 'io.cucumber.guice.InjectorSource' on the glue path instead
Jun 26, 2024 7:19:46 PM org.openqa.selenium.remote.RemoteWebDriver startSession
WARNING: Support for Legacy Capabilities is deprecated; You are sending the following invalid capabilities: [loggingPrefs, unexpectedAlertBehaviour]; Please update to W3C Syntax: https://www.selenium.dev/blog/2022/legacy-protocol-support/
Starting ChromeDriver 126.0.6478.62 (b2781ca4c383af675f7a25c7b03b4a54e25e559a-refs/branch-heads/6478_56@{#4}) on port 52198
Only local connections are allowed.
Please see https://chromedriver.chromium.org/security-considerations for suggestions on keeping ChromeDriver safe.
ChromeDriver was started successfully.
Jun 26, 2024 7:19:48 PM org.openqa.selenium.remote.ProtocolHandshake createSession
INFO: Detected upstream dialect: W3C
Jun 26, 2024 7:19:48 PM org.openqa.selenium.remote.ProtocolHandshake createSession
WARNING: Support for Legacy Capabilities is deprecated; You are sending the following invalid capabilities: [loggingPrefs, unexpectedAlertBehaviour]; Please update to W3C Syntax: https://www.selenium.dev/blog/2022/legacy-protocol-support/
Jun 26, 2024 7:19:49 PM org.openqa.selenium.devtools.CdpVersionFinder findNearestMatch
WARNING: Unable to find an exact match for CDP version 126, so returning the closest version found: a no-op implementation
Jun 26, 2024 7:19:49 PM org.openqa.selenium.devtools.CdpVersionFinder findNearestMatch
INFO: Unable to find CDP implementation matching 126.
Jun 26, 2024 7:19:49 PM org.openqa.selenium.chromium.ChromiumDriver lambda$new$3
WARNING: Unable to find version of CDP to use for . You may need to include a dependency on a specific version of the CDP using something similar to `org.seleniumhq.selenium:selenium-devtools-v86:4.2.2` where the version ("v86") matches the version of the chromium-based browser you're using and the version number of the artifact is the same as Selenium's.
Jun 26, 2024 7:19:51 PM org.openqa.selenium.remote.RemoteWebDriver startSession
WARNING: Support for Legacy Capabilities is deprecated; You are sending the following invalid capabilities: [loggingPrefs, unexpectedAlertBehaviour]; Please update to W3C Syntax: https://www.selenium.dev/blog/2022/legacy-protocol-support/
Starting ChromeDriver 126.0.6478.62 (b2781ca4c383af675f7a25c7b03b4a54e25e559a-refs/branch-heads/6478_56@{#4}) on port 59958
Only local connections are allowed.
Please see https://chromedriver.chromium.org/security-considerations for suggestions on keeping ChromeDriver safe.
ChromeDriver was started successfully.
Jun 26, 2024 7:19:52 PM org.openqa.selenium.remote.ProtocolHandshake createSession
INFO: Detected upstream dialect: W3C
Jun 26, 2024 7:19:52 PM org.openqa.selenium.remote.ProtocolHandshake createSession
WARNING: Support for Legacy Capabilities is deprecated; You are sending the following invalid capabilities: [loggingPrefs, unexpectedAlertBehaviour]; Please update to W3C Syntax: https://www.selenium.dev/blog/2022/legacy-protocol-support/
Jun 26, 2024 7:19:52 PM org.openqa.selenium.devtools.CdpVersionFinder findNearestMatch
WARNING: Unable to find an exact match for CDP version 126, so returning the closest version found: a no-op implementation
Jun 26, 2024 7:19:52 PM org.openqa.selenium.devtools.CdpVersionFinder findNearestMatch
INFO: Unable to find CDP implementation matching 126.
Jun 26, 2024 7:19:52 PM org.openqa.selenium.chromium.ChromiumDriver lambda$new$3
WARNING: Unable to find version of CDP to use for . You may need to include a dependency on a specific version of the CDP using something similar to `org.seleniumhq.selenium:selenium-devtools-v86:4.2.2` where the version ("v86") matches the version of the chromium-based browser you're using and the version number of the artifact is the same as Selenium's.
]]></system-err>
  </testcase>
</testsuite>